2021-03-22 14:43:43,888 INFO 18718 [Timer] /Users/ganghu/Desktop/会盟项目资料/React/react-test/react-blog/server/node_modules/egg-multipart/app/schedule/clean_tmpdir.js next time will execute after 49576116ms at 2021-03-23 04:30:00.004
2021-03-22 14:43:43,889 INFO 18718 [Timer] /Users/ganghu/Desktop/会盟项目资料/React/react-test/react-blog/server/node_modules/egg-logrotator/app/schedule/clean_log.js next time will execute after 33376112ms at 2021-03-23 00:00:00.001
2021-03-22 14:43:43,889 INFO 18718 [Timer] /Users/ganghu/Desktop/会盟项目资料/React/react-test/react-blog/server/node_modules/egg-logrotator/app/schedule/rotate_by_file.js next time will execute after 33377111ms at 2021-03-23 00:00:01.000
2021-03-22 14:43:43,698 INFO 18726 [egg-schedule]: register schedule /Users/ganghu/Desktop/会盟项目资料/React/react-test/react-blog/server/node_modules/egg-multipart/app/schedule/clean_tmpdir.js
2021-03-22 14:43:43,698 INFO 18726 [egg-schedule]: register schedule /Users/ganghu/Desktop/会盟项目资料/React/react-test/react-blog/server/node_modules/egg-logrotator/app/schedule/clean_log.js
2021-03-22 14:43:43,698 INFO 18726 [egg-schedule]: register schedule /Users/ganghu/Desktop/会盟项目资料/React/react-test/react-blog/server/node_modules/egg-logrotator/app/schedule/rotate_by_file.js
2021-03-22 14:50:53,967 INFO 19563 [egg-schedule]: register schedule /Users/ganghu/Desktop/会盟项目资料/React/react-test/react-blog/server/node_modules/egg-multipart/app/schedule/clean_tmpdir.js
2021-03-22 14:50:53,967 INFO 19563 [egg-schedule]: register schedule /Users/ganghu/Desktop/会盟项目资料/React/react-test/react-blog/server/node_modules/egg-logrotator/app/schedule/clean_log.js
2021-03-22 14:50:53,967 INFO 19563 [egg-schedule]: register schedule /Users/ganghu/Desktop/会盟项目资料/React/react-test/react-blog/server/node_modules/egg-logrotator/app/schedule/rotate_by_file.js
2021-03-22 14:50:54,320 INFO 19553 [Timer] /Users/ganghu/Desktop/会盟项目资料/React/react-test/react-blog/server/node_modules/egg-multipart/app/schedule/clean_tmpdir.js next time will execute after 49145684ms at 2021-03-23 04:30:00.004
2021-03-22 14:50:54,320 INFO 19553 [Timer] /Users/ganghu/Desktop/会盟项目资料/React/react-test/react-blog/server/node_modules/egg-logrotator/app/schedule/clean_log.js next time will execute after 32945680ms at 2021-03-23 00:00:00.000
2021-03-22 14:50:54,321 INFO 19553 [Timer] /Users/ganghu/Desktop/会盟项目资料/React/react-test/react-blog/server/node_modules/egg-logrotator/app/schedule/rotate_by_file.js next time will execute after 32946680ms at 2021-03-23 00:00:01.001
2021-03-22 14:53:10,428 INFO 19741 [egg-schedule]: register schedule /Users/ganghu/Desktop/会盟项目资料/React/react-test/react-blog/server/node_modules/egg-multipart/app/schedule/clean_tmpdir.js
2021-03-22 14:53:10,428 INFO 19741 [egg-schedule]: register schedule /Users/ganghu/Desktop/会盟项目资料/React/react-test/react-blog/server/node_modules/egg-logrotator/app/schedule/clean_log.js
2021-03-22 14:53:10,428 INFO 19741 [egg-schedule]: register schedule /Users/ganghu/Desktop/会盟项目资料/React/react-test/react-blog/server/node_modules/egg-logrotator/app/schedule/rotate_by_file.js
2021-03-22 14:53:20,403 INFO 19761 [egg-schedule]: register schedule /Users/ganghu/Desktop/会盟项目资料/React/react-test/react-blog/server/node_modules/egg-multipart/app/schedule/clean_tmpdir.js
2021-03-22 14:53:20,403 INFO 19761 [egg-schedule]: register schedule /Users/ganghu/Desktop/会盟项目资料/React/react-test/react-blog/server/node_modules/egg-logrotator/app/schedule/clean_log.js
2021-03-22 14:53:20,403 INFO 19761 [egg-schedule]: register schedule /Users/ganghu/Desktop/会盟项目资料/React/react-test/react-blog/server/node_modules/egg-logrotator/app/schedule/rotate_by_file.js
2021-03-22 14:53:28,231 INFO 19783 [egg-schedule]: register schedule /Users/ganghu/Desktop/会盟项目资料/React/react-test/react-blog/server/node_modules/egg-multipart/app/schedule/clean_tmpdir.js
2021-03-22 14:53:28,231 INFO 19783 [egg-schedule]: register schedule /Users/ganghu/Desktop/会盟项目资料/React/react-test/react-blog/server/node_modules/egg-logrotator/app/schedule/clean_log.js
2021-03-22 14:53:28,231 INFO 19783 [egg-schedule]: register schedule /Users/ganghu/Desktop/会盟项目资料/React/react-test/react-blog/server/node_modules/egg-logrotator/app/schedule/rotate_by_file.js
2021-03-22 14:53:38,959 INFO 19816 [egg-schedule]: register schedule /Users/ganghu/Desktop/会盟项目资料/React/react-test/react-blog/server/node_modules/egg-multipart/app/schedule/clean_tmpdir.js
2021-03-22 14:53:38,959 INFO 19816 [egg-schedule]: register schedule /Users/ganghu/Desktop/会盟项目资料/React/react-test/react-blog/server/node_modules/egg-logrotator/app/schedule/clean_log.js
2021-03-22 14:53:38,959 INFO 19816 [egg-schedule]: register schedule /Users/ganghu/Desktop/会盟项目资料/React/react-test/react-blog/server/node_modules/egg-logrotator/app/schedule/rotate_by_file.js
2021-03-22 14:53:46,207 INFO 19830 [egg-schedule]: register schedule /Users/ganghu/Desktop/会盟项目资料/React/react-test/react-blog/server/node_modules/egg-multipart/app/schedule/clean_tmpdir.js
2021-03-22 14:53:46,207 INFO 19830 [egg-schedule]: register schedule /Users/ganghu/Desktop/会盟项目资料/React/react-test/react-blog/server/node_modules/egg-logrotator/app/schedule/clean_log.js
2021-03-22 14:53:46,207 INFO 19830 [egg-schedule]: register schedule /Users/ganghu/Desktop/会盟项目资料/React/react-test/react-blog/server/node_modules/egg-logrotator/app/schedule/rotate_by_file.js
2021-03-22 14:53:52,907 INFO 19848 [egg-schedule]: register schedule /Users/ganghu/Desktop/会盟项目资料/React/react-test/react-blog/server/node_modules/egg-multipart/app/schedule/clean_tmpdir.js
2021-03-22 14:53:52,907 INFO 19848 [egg-schedule]: register schedule /Users/ganghu/Desktop/会盟项目资料/React/react-test/react-blog/server/node_modules/egg-logrotator/app/schedule/clean_log.js
2021-03-22 14:53:52,907 INFO 19848 [egg-schedule]: register schedule /Users/ganghu/Desktop/会盟项目资料/React/react-test/react-blog/server/node_modules/egg-logrotator/app/schedule/rotate_by_file.js
2021-03-22 14:53:54,825 INFO 19852 [egg-schedule]: register schedule /Users/ganghu/Desktop/会盟项目资料/React/react-test/react-blog/server/node_modules/egg-multipart/app/schedule/clean_tmpdir.js
2021-03-22 14:53:54,825 INFO 19852 [egg-schedule]: register schedule /Users/ganghu/Desktop/会盟项目资料/React/react-test/react-blog/server/node_modules/egg-logrotator/app/schedule/clean_log.js
2021-03-22 14:53:54,825 INFO 19852 [egg-schedule]: register schedule /Users/ganghu/Desktop/会盟项目资料/React/react-test/react-blog/server/node_modules/egg-logrotator/app/schedule/rotate_by_file.js
2021-03-22 14:53:56,564 INFO 19853 [egg-schedule]: register schedule /Users/ganghu/Desktop/会盟项目资料/React/react-test/react-blog/server/node_modules/egg-multipart/app/schedule/clean_tmpdir.js
2021-03-22 14:53:56,564 INFO 19853 [egg-schedule]: register schedule /Users/ganghu/Desktop/会盟项目资料/React/react-test/react-blog/server/node_modules/egg-logrotator/app/schedule/clean_log.js
2021-03-22 14:53:56,564 INFO 19853 [egg-schedule]: register schedule /Users/ganghu/Desktop/会盟项目资料/React/react-test/react-blog/server/node_modules/egg-logrotator/app/schedule/rotate_by_file.js
2021-03-22 14:53:58,102 INFO 19865 [egg-schedule]: register schedule /Users/ganghu/Desktop/会盟项目资料/React/react-test/react-blog/server/node_modules/egg-multipart/app/schedule/clean_tmpdir.js
2021-03-22 14:53:58,102 INFO 19865 [egg-schedule]: register schedule /Users/ganghu/Desktop/会盟项目资料/React/react-test/react-blog/server/node_modules/egg-logrotator/app/schedule/clean_log.js
2021-03-22 14:53:58,102 INFO 19865 [egg-schedule]: register schedule /Users/ganghu/Desktop/会盟项目资料/React/react-test/react-blog/server/node_modules/egg-logrotator/app/schedule/rotate_by_file.js
2021-03-22 14:54:04,074 INFO 19876 [egg-schedule]: register schedule /Users/ganghu/Desktop/会盟项目资料/React/react-test/react-blog/server/node_modules/egg-multipart/app/schedule/clean_tmpdir.js
2021-03-22 14:54:04,075 INFO 19876 [egg-schedule]: register schedule /Users/ganghu/Desktop/会盟项目资料/React/react-test/react-blog/server/node_modules/egg-logrotator/app/schedule/clean_log.js
2021-03-22 14:54:04,075 INFO 19876 [egg-schedule]: register schedule /Users/ganghu/Desktop/会盟项目资料/React/react-test/react-blog/server/node_modules/egg-logrotator/app/schedule/rotate_by_file.js
2021-03-22 14:54:09,163 INFO 19886 [egg-schedule]: register schedule /Users/ganghu/Desktop/会盟项目资料/React/react-test/react-blog/server/node_modules/egg-multipart/app/schedule/clean_tmpdir.js
2021-03-22 14:54:09,163 INFO 19886 [egg-schedule]: register schedule /Users/ganghu/Desktop/会盟项目资料/React/react-test/react-blog/server/node_modules/egg-logrotator/app/schedule/clean_log.js
2021-03-22 14:54:09,163 INFO 19886 [egg-schedule]: register schedule /Users/ganghu/Desktop/会盟项目资料/React/react-test/react-blog/server/node_modules/egg-logrotator/app/schedule/rotate_by_file.js
2021-03-22 14:54:13,588 INFO 19898 [egg-schedule]: register schedule /Users/ganghu/Desktop/会盟项目资料/React/react-test/react-blog/server/node_modules/egg-multipart/app/schedule/clean_tmpdir.js
2021-03-22 14:54:13,588 INFO 19898 [egg-schedule]: register schedule /Users/ganghu/Desktop/会盟项目资料/React/react-test/react-blog/server/node_modules/egg-logrotator/app/schedule/clean_log.js
2021-03-22 14:54:13,588 INFO 19898 [egg-schedule]: register schedule /Users/ganghu/Desktop/会盟项目资料/React/react-test/react-blog/server/node_modules/egg-logrotator/app/schedule/rotate_by_file.js
2021-03-22 14:54:56,786 INFO 19968 [egg-schedule]: register schedule /Users/ganghu/Desktop/会盟项目资料/React/react-test/react-blog/server/node_modules/egg-multipart/app/schedule/clean_tmpdir.js
2021-03-22 14:54:56,786 INFO 19968 [egg-schedule]: register schedule /Users/ganghu/Desktop/会盟项目资料/React/react-test/react-blog/server/node_modules/egg-logrotator/app/schedule/clean_log.js
2021-03-22 14:54:56,786 INFO 19968 [egg-schedule]: register schedule /Users/ganghu/Desktop/会盟项目资料/React/react-test/react-blog/server/node_modules/egg-logrotator/app/schedule/rotate_by_file.js
2021-03-22 14:55:01,196 INFO 19981 [egg-schedule]: register schedule /Users/ganghu/Desktop/会盟项目资料/React/react-test/react-blog/server/node_modules/egg-multipart/app/schedule/clean_tmpdir.js
2021-03-22 14:55:01,196 INFO 19981 [egg-schedule]: register schedule /Users/ganghu/Desktop/会盟项目资料/React/react-test/react-blog/server/node_modules/egg-logrotator/app/schedule/clean_log.js
2021-03-22 14:55:01,196 INFO 19981 [egg-schedule]: register schedule /Users/ganghu/Desktop/会盟项目资料/React/react-test/react-blog/server/node_modules/egg-logrotator/app/schedule/rotate_by_file.js
2021-03-22 14:55:05,184 INFO 19991 [egg-schedule]: register schedule /Users/ganghu/Desktop/会盟项目资料/React/react-test/react-blog/server/node_modules/egg-multipart/app/schedule/clean_tmpdir.js
2021-03-22 14:55:05,184 INFO 19991 [egg-schedule]: register schedule /Users/ganghu/Desktop/会盟项目资料/React/react-test/react-blog/server/node_modules/egg-logrotator/app/schedule/clean_log.js
2021-03-22 14:55:05,184 INFO 19991 [egg-schedule]: register schedule /Users/ganghu/Desktop/会盟项目资料/React/react-test/react-blog/server/node_modules/egg-logrotator/app/schedule/rotate_by_file.js
2021-03-22 14:55:46,502 INFO 20029 [egg-schedule]: register schedule /Users/ganghu/Desktop/会盟项目资料/React/react-test/react-blog/server/node_modules/egg-multipart/app/schedule/clean_tmpdir.js
2021-03-22 14:55:46,502 INFO 20029 [egg-schedule]: register schedule /Users/ganghu/Desktop/会盟项目资料/React/react-test/react-blog/server/node_modules/egg-logrotator/app/schedule/clean_log.js
2021-03-22 14:55:46,502 INFO 20029 [egg-schedule]: register schedule /Users/ganghu/Desktop/会盟项目资料/React/react-test/react-blog/server/node_modules/egg-logrotator/app/schedule/rotate_by_file.js
2021-03-22 14:55:48,249 INFO 20039 [egg-schedule]: register schedule /Users/ganghu/Desktop/会盟项目资料/React/react-test/react-blog/server/node_modules/egg-multipart/app/schedule/clean_tmpdir.js
2021-03-22 14:55:48,249 INFO 20039 [egg-schedule]: register schedule /Users/ganghu/Desktop/会盟项目资料/React/react-test/react-blog/server/node_modules/egg-logrotator/app/schedule/clean_log.js
2021-03-22 14:55:48,249 INFO 20039 [egg-schedule]: register schedule /Users/ganghu/Desktop/会盟项目资料/React/react-test/react-blog/server/node_modules/egg-logrotator/app/schedule/rotate_by_file.js
2021-03-22 14:55:54,332 INFO 20049 [egg-schedule]: register schedule /Users/ganghu/Desktop/会盟项目资料/React/react-test/react-blog/server/node_modules/egg-multipart/app/schedule/clean_tmpdir.js
2021-03-22 14:55:54,332 INFO 20049 [egg-schedule]: register schedule /Users/ganghu/Desktop/会盟项目资料/React/react-test/react-blog/server/node_modules/egg-logrotator/app/schedule/clean_log.js
2021-03-22 14:55:54,332 INFO 20049 [egg-schedule]: register schedule /Users/ganghu/Desktop/会盟项目资料/React/react-test/react-blog/server/node_modules/egg-logrotator/app/schedule/rotate_by_file.js
2021-03-22 14:55:56,117 INFO 20051 [egg-schedule]: register schedule /Users/ganghu/Desktop/会盟项目资料/React/react-test/react-blog/server/node_modules/egg-multipart/app/schedule/clean_tmpdir.js
2021-03-22 14:55:56,117 INFO 20051 [egg-schedule]: register schedule /Users/ganghu/Desktop/会盟项目资料/React/react-test/react-blog/server/node_modules/egg-logrotator/app/schedule/clean_log.js
2021-03-22 14:55:56,117 INFO 20051 [egg-schedule]: register schedule /Users/ganghu/Desktop/会盟项目资料/React/react-test/react-blog/server/node_modules/egg-logrotator/app/schedule/rotate_by_file.js
2021-03-22 14:55:58,020 INFO 20053 [egg-schedule]: register schedule /Users/ganghu/Desktop/会盟项目资料/React/react-test/react-blog/server/node_modules/egg-multipart/app/schedule/clean_tmpdir.js
2021-03-22 14:55:58,020 INFO 20053 [egg-schedule]: register schedule /Users/ganghu/Desktop/会盟项目资料/React/react-test/react-blog/server/node_modules/egg-logrotator/app/schedule/clean_log.js
2021-03-22 14:55:58,020 INFO 20053 [egg-schedule]: register schedule /Users/ganghu/Desktop/会盟项目资料/React/react-test/react-blog/server/node_modules/egg-logrotator/app/schedule/rotate_by_file.js
2021-03-22 14:56:33,687 INFO 20093 [egg-schedule]: register schedule /Users/ganghu/Desktop/会盟项目资料/React/react-test/react-blog/server/node_modules/egg-multipart/app/schedule/clean_tmpdir.js
2021-03-22 14:56:33,687 INFO 20093 [egg-schedule]: register schedule /Users/ganghu/Desktop/会盟项目资料/React/react-test/react-blog/server/node_modules/egg-logrotator/app/schedule/clean_log.js
2021-03-22 14:56:33,687 INFO 20093 [egg-schedule]: register schedule /Users/ganghu/Desktop/会盟项目资料/React/react-test/react-blog/server/node_modules/egg-logrotator/app/schedule/rotate_by_file.js
2021-03-22 14:56:39,385 INFO 20102 [egg-schedule]: register schedule /Users/ganghu/Desktop/会盟项目资料/React/react-test/react-blog/server/node_modules/egg-multipart/app/schedule/clean_tmpdir.js
2021-03-22 14:56:39,385 INFO 20102 [egg-schedule]: register schedule /Users/ganghu/Desktop/会盟项目资料/React/react-test/react-blog/server/node_modules/egg-logrotator/app/schedule/clean_log.js
2021-03-22 14:56:39,385 INFO 20102 [egg-schedule]: register schedule /Users/ganghu/Desktop/会盟项目资料/React/react-test/react-blog/server/node_modules/egg-logrotator/app/schedule/rotate_by_file.js
2021-03-22 14:56:41,968 INFO 20111 [egg-schedule]: register schedule /Users/ganghu/Desktop/会盟项目资料/React/react-test/react-blog/server/node_modules/egg-multipart/app/schedule/clean_tmpdir.js
2021-03-22 14:56:41,968 INFO 20111 [egg-schedule]: register schedule /Users/ganghu/Desktop/会盟项目资料/React/react-test/react-blog/server/node_modules/egg-logrotator/app/schedule/clean_log.js
2021-03-22 14:56:41,969 INFO 20111 [egg-schedule]: register schedule /Users/ganghu/Desktop/会盟项目资料/React/react-test/react-blog/server/node_modules/egg-logrotator/app/schedule/rotate_by_file.js
2021-03-22 14:56:43,756 INFO 20117 [egg-schedule]: register schedule /Users/ganghu/Desktop/会盟项目资料/React/react-test/react-blog/server/node_modules/egg-multipart/app/schedule/clean_tmpdir.js
2021-03-22 14:56:43,756 INFO 20117 [egg-schedule]: register schedule /Users/ganghu/Desktop/会盟项目资料/React/react-test/react-blog/server/node_modules/egg-logrotator/app/schedule/clean_log.js
2021-03-22 14:56:43,756 INFO 20117 [egg-schedule]: register schedule /Users/ganghu/Desktop/会盟项目资料/React/react-test/react-blog/server/node_modules/egg-logrotator/app/schedule/rotate_by_file.js
2021-03-22 14:56:46,270 INFO 20126 [egg-schedule]: register schedule /Users/ganghu/Desktop/会盟项目资料/React/react-test/react-blog/server/node_modules/egg-multipart/app/schedule/clean_tmpdir.js
2021-03-22 14:56:46,270 INFO 20126 [egg-schedule]: register schedule /Users/ganghu/Desktop/会盟项目资料/React/react-test/react-blog/server/node_modules/egg-logrotator/app/schedule/clean_log.js
2021-03-22 14:56:46,270 INFO 20126 [egg-schedule]: register schedule /Users/ganghu/Desktop/会盟项目资料/React/react-test/react-blog/server/node_modules/egg-logrotator/app/schedule/rotate_by_file.js
2021-03-22 14:56:49,133 INFO 20128 [egg-schedule]: register schedule /Users/ganghu/Desktop/会盟项目资料/React/react-test/react-blog/server/node_modules/egg-multipart/app/schedule/clean_tmpdir.js
2021-03-22 14:56:49,133 INFO 20128 [egg-schedule]: register schedule /Users/ganghu/Desktop/会盟项目资料/React/react-test/react-blog/server/node_modules/egg-logrotator/app/schedule/clean_log.js
2021-03-22 14:56:49,133 INFO 20128 [egg-schedule]: register schedule /Users/ganghu/Desktop/会盟项目资料/React/react-test/react-blog/server/node_modules/egg-logrotator/app/schedule/rotate_by_file.js
2021-03-22 15:14:37,203 INFO 21078 [egg-schedule]: register schedule /Users/ganghu/Desktop/会盟项目资料/React/react-test/react-blog/server/node_modules/egg-multipart/app/schedule/clean_tmpdir.js
2021-03-22 15:14:37,203 INFO 21078 [egg-schedule]: register schedule /Users/ganghu/Desktop/会盟项目资料/React/react-test/react-blog/server/node_modules/egg-logrotator/app/schedule/clean_log.js
2021-03-22 15:14:37,203 INFO 21078 [egg-schedule]: register schedule /Users/ganghu/Desktop/会盟项目资料/React/react-test/react-blog/server/node_modules/egg-logrotator/app/schedule/rotate_by_file.js
2021-03-22 15:14:54,837 INFO 21112 [egg-schedule]: register schedule /Users/ganghu/Desktop/会盟项目资料/React/react-test/react-blog/server/node_modules/egg-multipart/app/schedule/clean_tmpdir.js
2021-03-22 15:14:54,837 INFO 21112 [egg-schedule]: register schedule /Users/ganghu/Desktop/会盟项目资料/React/react-test/react-blog/server/node_modules/egg-logrotator/app/schedule/clean_log.js
2021-03-22 15:14:54,837 INFO 21112 [egg-schedule]: register schedule /Users/ganghu/Desktop/会盟项目资料/React/react-test/react-blog/server/node_modules/egg-logrotator/app/schedule/rotate_by_file.js
2021-03-22 15:19:47,036 INFO 21315 [egg-schedule]: register schedule /Users/ganghu/Desktop/会盟项目资料/React/react-test/react-blog/server/node_modules/egg-multipart/app/schedule/clean_tmpdir.js
2021-03-22 15:19:47,036 INFO 21315 [egg-schedule]: register schedule /Users/ganghu/Desktop/会盟项目资料/React/react-test/react-blog/server/node_modules/egg-logrotator/app/schedule/clean_log.js
2021-03-22 15:19:47,036 INFO 21315 [egg-schedule]: register schedule /Users/ganghu/Desktop/会盟项目资料/React/react-test/react-blog/server/node_modules/egg-logrotator/app/schedule/rotate_by_file.js
2021-03-22 15:20:06,903 INFO 21356 [egg-schedule]: register schedule /Users/ganghu/Desktop/会盟项目资料/React/react-test/react-blog/server/node_modules/egg-multipart/app/schedule/clean_tmpdir.js
2021-03-22 15:20:06,903 INFO 21356 [egg-schedule]: register schedule /Users/ganghu/Desktop/会盟项目资料/React/react-test/react-blog/server/node_modules/egg-logrotator/app/schedule/clean_log.js
2021-03-22 15:20:06,903 INFO 21356 [egg-schedule]: register schedule /Users/ganghu/Desktop/会盟项目资料/React/react-test/react-blog/server/node_modules/egg-logrotator/app/schedule/rotate_by_file.js
2021-03-22 15:20:57,438 INFO 21429 [egg-schedule]: register schedule /Users/ganghu/Desktop/会盟项目资料/React/react-test/react-blog/server/node_modules/egg-multipart/app/schedule/clean_tmpdir.js
2021-03-22 15:20:57,438 INFO 21429 [egg-schedule]: register schedule /Users/ganghu/Desktop/会盟项目资料/React/react-test/react-blog/server/node_modules/egg-logrotator/app/schedule/clean_log.js
2021-03-22 15:20:57,438 INFO 21429 [egg-schedule]: register schedule /Users/ganghu/Desktop/会盟项目资料/React/react-test/react-blog/server/node_modules/egg-logrotator/app/schedule/rotate_by_file.js
2021-03-22 15:21:01,479 INFO 21444 [egg-schedule]: register schedule /Users/ganghu/Desktop/会盟项目资料/React/react-test/react-blog/server/node_modules/egg-multipart/app/schedule/clean_tmpdir.js
2021-03-22 15:21:01,479 INFO 21444 [egg-schedule]: register schedule /Users/ganghu/Desktop/会盟项目资料/React/react-test/react-blog/server/node_modules/egg-logrotator/app/schedule/clean_log.js
2021-03-22 15:21:01,480 INFO 21444 [egg-schedule]: register schedule /Users/ganghu/Desktop/会盟项目资料/React/react-test/react-blog/server/node_modules/egg-logrotator/app/schedule/rotate_by_file.js
2021-03-22 15:21:03,941 INFO 21446 [egg-schedule]: register schedule /Users/ganghu/Desktop/会盟项目资料/React/react-test/react-blog/server/node_modules/egg-multipart/app/schedule/clean_tmpdir.js
2021-03-22 15:21:03,941 INFO 21446 [egg-schedule]: register schedule /Users/ganghu/Desktop/会盟项目资料/React/react-test/react-blog/server/node_modules/egg-logrotator/app/schedule/clean_log.js
2021-03-22 15:21:03,941 INFO 21446 [egg-schedule]: register schedule /Users/ganghu/Desktop/会盟项目资料/React/react-test/react-blog/server/node_modules/egg-logrotator/app/schedule/rotate_by_file.js
2021-03-22 15:21:06,421 INFO 21456 [egg-schedule]: register schedule /Users/ganghu/Desktop/会盟项目资料/React/react-test/react-blog/server/node_modules/egg-multipart/app/schedule/clean_tmpdir.js
2021-03-22 15:21:06,421 INFO 21456 [egg-schedule]: register schedule /Users/ganghu/Desktop/会盟项目资料/React/react-test/react-blog/server/node_modules/egg-logrotator/app/schedule/clean_log.js
2021-03-22 15:21:06,421 INFO 21456 [egg-schedule]: register schedule /Users/ganghu/Desktop/会盟项目资料/React/react-test/react-blog/server/node_modules/egg-logrotator/app/schedule/rotate_by_file.js
2021-03-22 15:21:11,812 INFO 21465 [egg-schedule]: register schedule /Users/ganghu/Desktop/会盟项目资料/React/react-test/react-blog/server/node_modules/egg-multipart/app/schedule/clean_tmpdir.js
2021-03-22 15:21:11,812 INFO 21465 [egg-schedule]: register schedule /Users/ganghu/Desktop/会盟项目资料/React/react-test/react-blog/server/node_modules/egg-logrotator/app/schedule/clean_log.js
2021-03-22 15:21:11,812 INFO 21465 [egg-schedule]: register schedule /Users/ganghu/Desktop/会盟项目资料/React/react-test/react-blog/server/node_modules/egg-logrotator/app/schedule/rotate_by_file.js
2021-03-22 15:22:31,377 INFO 21553 [egg-schedule]: register schedule /Users/ganghu/Desktop/会盟项目资料/React/react-test/react-blog/server/node_modules/egg-multipart/app/schedule/clean_tmpdir.js
2021-03-22 15:22:31,377 INFO 21553 [egg-schedule]: register schedule /Users/ganghu/Desktop/会盟项目资料/React/react-test/react-blog/server/node_modules/egg-logrotator/app/schedule/clean_log.js
2021-03-22 15:22:31,377 INFO 21553 [egg-schedule]: register schedule /Users/ganghu/Desktop/会盟项目资料/React/react-test/react-blog/server/node_modules/egg-logrotator/app/schedule/rotate_by_file.js
2021-03-22 15:23:01,624 INFO 21590 [egg-schedule]: register schedule /Users/ganghu/Desktop/会盟项目资料/React/react-test/react-blog/server/node_modules/egg-multipart/app/schedule/clean_tmpdir.js
2021-03-22 15:23:01,624 INFO 21590 [egg-schedule]: register schedule /Users/ganghu/Desktop/会盟项目资料/React/react-test/react-blog/server/node_modules/egg-logrotator/app/schedule/clean_log.js
2021-03-22 15:23:01,624 INFO 21590 [egg-schedule]: register schedule /Users/ganghu/Desktop/会盟项目资料/React/react-test/react-blog/server/node_modules/egg-logrotator/app/schedule/rotate_by_file.js
2021-03-22 15:23:04,920 INFO 21599 [egg-schedule]: register schedule /Users/ganghu/Desktop/会盟项目资料/React/react-test/react-blog/server/node_modules/egg-multipart/app/schedule/clean_tmpdir.js
2021-03-22 15:23:04,920 INFO 21599 [egg-schedule]: register schedule /Users/ganghu/Desktop/会盟项目资料/React/react-test/react-blog/server/node_modules/egg-logrotator/app/schedule/clean_log.js
2021-03-22 15:23:04,920 INFO 21599 [egg-schedule]: register schedule /Users/ganghu/Desktop/会盟项目资料/React/react-test/react-blog/server/node_modules/egg-logrotator/app/schedule/rotate_by_file.js
2021-03-22 15:23:10,408 INFO 21608 [egg-schedule]: register schedule /Users/ganghu/Desktop/会盟项目资料/React/react-test/react-blog/server/node_modules/egg-multipart/app/schedule/clean_tmpdir.js
2021-03-22 15:23:10,408 INFO 21608 [egg-schedule]: register schedule /Users/ganghu/Desktop/会盟项目资料/React/react-test/react-blog/server/node_modules/egg-logrotator/app/schedule/clean_log.js
2021-03-22 15:23:10,408 INFO 21608 [egg-schedule]: register schedule /Users/ganghu/Desktop/会盟项目资料/React/react-test/react-blog/server/node_modules/egg-logrotator/app/schedule/rotate_by_file.js
2021-03-22 15:23:19,188 INFO 21619 [egg-schedule]: register schedule /Users/ganghu/Desktop/会盟项目资料/React/react-test/react-blog/server/node_modules/egg-multipart/app/schedule/clean_tmpdir.js
2021-03-22 15:23:19,188 INFO 21619 [egg-schedule]: register schedule /Users/ganghu/Desktop/会盟项目资料/React/react-test/react-blog/server/node_modules/egg-logrotator/app/schedule/clean_log.js
2021-03-22 15:23:19,188 INFO 21619 [egg-schedule]: register schedule /Users/ganghu/Desktop/会盟项目资料/React/react-test/react-blog/server/node_modules/egg-logrotator/app/schedule/rotate_by_file.js
2021-03-22 15:23:23,633 INFO 21627 [egg-schedule]: register schedule /Users/ganghu/Desktop/会盟项目资料/React/react-test/react-blog/server/node_modules/egg-multipart/app/schedule/clean_tmpdir.js
2021-03-22 15:23:23,633 INFO 21627 [egg-schedule]: register schedule /Users/ganghu/Desktop/会盟项目资料/React/react-test/react-blog/server/node_modules/egg-logrotator/app/schedule/clean_log.js
2021-03-22 15:23:23,633 INFO 21627 [egg-schedule]: register schedule /Users/ganghu/Desktop/会盟项目资料/React/react-test/react-blog/server/node_modules/egg-logrotator/app/schedule/rotate_by_file.js
2021-03-22 15:23:23,701 INFO 21628 [egg-schedule]: register schedule /Users/ganghu/Desktop/会盟项目资料/React/react-test/react-blog/server/node_modules/egg-multipart/app/schedule/clean_tmpdir.js
2021-03-22 15:23:23,701 INFO 21628 [egg-schedule]: register schedule /Users/ganghu/Desktop/会盟项目资料/React/react-test/react-blog/server/node_modules/egg-logrotator/app/schedule/clean_log.js
2021-03-22 15:23:23,701 INFO 21628 [egg-schedule]: register schedule /Users/ganghu/Desktop/会盟项目资料/React/react-test/react-blog/server/node_modules/egg-logrotator/app/schedule/rotate_by_file.js
2021-03-22 15:23:27,043 INFO 21637 [egg-schedule]: register schedule /Users/ganghu/Desktop/会盟项目资料/React/react-test/react-blog/server/node_modules/egg-multipart/app/schedule/clean_tmpdir.js
2021-03-22 15:23:27,043 INFO 21637 [egg-schedule]: register schedule /Users/ganghu/Desktop/会盟项目资料/React/react-test/react-blog/server/node_modules/egg-logrotator/app/schedule/clean_log.js
2021-03-22 15:23:27,043 INFO 21637 [egg-schedule]: register schedule /Users/ganghu/Desktop/会盟项目资料/React/react-test/react-blog/server/node_modules/egg-logrotator/app/schedule/rotate_by_file.js
2021-03-22 15:23:28,757 INFO 21639 [egg-schedule]: register schedule /Users/ganghu/Desktop/会盟项目资料/React/react-test/react-blog/server/node_modules/egg-multipart/app/schedule/clean_tmpdir.js
2021-03-22 15:23:28,757 INFO 21639 [egg-schedule]: register schedule /Users/ganghu/Desktop/会盟项目资料/React/react-test/react-blog/server/node_modules/egg-logrotator/app/schedule/clean_log.js
2021-03-22 15:23:28,757 INFO 21639 [egg-schedule]: register schedule /Users/ganghu/Desktop/会盟项目资料/React/react-test/react-blog/server/node_modules/egg-logrotator/app/schedule/rotate_by_file.js
2021-03-22 15:23:42,035 INFO 21685 [egg-schedule]: register schedule /Users/ganghu/Desktop/会盟项目资料/React/react-test/react-blog/server/node_modules/egg-multipart/app/schedule/clean_tmpdir.js
2021-03-22 15:23:42,035 INFO 21685 [egg-schedule]: register schedule /Users/ganghu/Desktop/会盟项目资料/React/react-test/react-blog/server/node_modules/egg-logrotator/app/schedule/clean_log.js
2021-03-22 15:23:42,035 INFO 21685 [egg-schedule]: register schedule /Users/ganghu/Desktop/会盟项目资料/React/react-test/react-blog/server/node_modules/egg-logrotator/app/schedule/rotate_by_file.js
2021-03-22 15:23:54,711 INFO 21704 [egg-schedule]: register schedule /Users/ganghu/Desktop/会盟项目资料/React/react-test/react-blog/server/node_modules/egg-multipart/app/schedule/clean_tmpdir.js
2021-03-22 15:23:54,711 INFO 21704 [egg-schedule]: register schedule /Users/ganghu/Desktop/会盟项目资料/React/react-test/react-blog/server/node_modules/egg-logrotator/app/schedule/clean_log.js
2021-03-22 15:23:54,711 INFO 21704 [egg-schedule]: register schedule /Users/ganghu/Desktop/会盟项目资料/React/react-test/react-blog/server/node_modules/egg-logrotator/app/schedule/rotate_by_file.js
2021-03-22 15:23:56,588 INFO 21712 [egg-schedule]: register schedule /Users/ganghu/Desktop/会盟项目资料/React/react-test/react-blog/server/node_modules/egg-multipart/app/schedule/clean_tmpdir.js
2021-03-22 15:23:56,588 INFO 21712 [egg-schedule]: register schedule /Users/ganghu/Desktop/会盟项目资料/React/react-test/react-blog/server/node_modules/egg-logrotator/app/schedule/clean_log.js
2021-03-22 15:23:56,588 INFO 21712 [egg-schedule]: register schedule /Users/ganghu/Desktop/会盟项目资料/React/react-test/react-blog/server/node_modules/egg-logrotator/app/schedule/rotate_by_file.js
2021-03-22 15:24:16,709 INFO 21736 [egg-schedule]: register schedule /Users/ganghu/Desktop/会盟项目资料/React/react-test/react-blog/server/node_modules/egg-multipart/app/schedule/clean_tmpdir.js
2021-03-22 15:24:16,709 INFO 21736 [egg-schedule]: register schedule /Users/ganghu/Desktop/会盟项目资料/React/react-test/react-blog/server/node_modules/egg-logrotator/app/schedule/clean_log.js
2021-03-22 15:24:16,709 INFO 21736 [egg-schedule]: register schedule /Users/ganghu/Desktop/会盟项目资料/React/react-test/react-blog/server/node_modules/egg-logrotator/app/schedule/rotate_by_file.js
2021-03-22 15:24:22,611 INFO 21745 [egg-schedule]: register schedule /Users/ganghu/Desktop/会盟项目资料/React/react-test/react-blog/server/node_modules/egg-multipart/app/schedule/clean_tmpdir.js
2021-03-22 15:24:22,611 INFO 21745 [egg-schedule]: register schedule /Users/ganghu/Desktop/会盟项目资料/React/react-test/react-blog/server/node_modules/egg-logrotator/app/schedule/clean_log.js
2021-03-22 15:24:22,611 INFO 21745 [egg-schedule]: register schedule /Users/ganghu/Desktop/会盟项目资料/React/react-test/react-blog/server/node_modules/egg-logrotator/app/schedule/rotate_by_file.js
2021-03-22 15:25:29,144 INFO 21803 [egg-schedule]: register schedule /Users/ganghu/Desktop/会盟项目资料/React/react-test/react-blog/server/node_modules/egg-multipart/app/schedule/clean_tmpdir.js
2021-03-22 15:25:29,144 INFO 21803 [egg-schedule]: register schedule /Users/ganghu/Desktop/会盟项目资料/React/react-test/react-blog/server/node_modules/egg-logrotator/app/schedule/clean_log.js
2021-03-22 15:25:29,144 INFO 21803 [egg-schedule]: register schedule /Users/ganghu/Desktop/会盟项目资料/React/react-test/react-blog/server/node_modules/egg-logrotator/app/schedule/rotate_by_file.js
2021-03-22 15:25:40,737 INFO 21826 [egg-schedule]: register schedule /Users/ganghu/Desktop/会盟项目资料/React/react-test/react-blog/server/node_modules/egg-multipart/app/schedule/clean_tmpdir.js
2021-03-22 15:25:40,737 INFO 21826 [egg-schedule]: register schedule /Users/ganghu/Desktop/会盟项目资料/React/react-test/react-blog/server/node_modules/egg-logrotator/app/schedule/clean_log.js
2021-03-22 15:25:40,737 INFO 21826 [egg-schedule]: register schedule /Users/ganghu/Desktop/会盟项目资料/React/react-test/react-blog/server/node_modules/egg-logrotator/app/schedule/rotate_by_file.js
2021-03-22 15:26:04,057 INFO 21862 [egg-schedule]: register schedule /Users/ganghu/Desktop/会盟项目资料/React/react-test/react-blog/server/node_modules/egg-multipart/app/schedule/clean_tmpdir.js
2021-03-22 15:26:04,057 INFO 21862 [egg-schedule]: register schedule /Users/ganghu/Desktop/会盟项目资料/React/react-test/react-blog/server/node_modules/egg-logrotator/app/schedule/clean_log.js
2021-03-22 15:26:04,057 INFO 21862 [egg-schedule]: register schedule /Users/ganghu/Desktop/会盟项目资料/React/react-test/react-blog/server/node_modules/egg-logrotator/app/schedule/rotate_by_file.js
2021-03-22 15:26:17,556 INFO 21882 [egg-schedule]: register schedule /Users/ganghu/Desktop/会盟项目资料/React/react-test/react-blog/server/node_modules/egg-multipart/app/schedule/clean_tmpdir.js
2021-03-22 15:26:17,556 INFO 21882 [egg-schedule]: register schedule /Users/ganghu/Desktop/会盟项目资料/React/react-test/react-blog/server/node_modules/egg-logrotator/app/schedule/clean_log.js
2021-03-22 15:26:17,556 INFO 21882 [egg-schedule]: register schedule /Users/ganghu/Desktop/会盟项目资料/React/react-test/react-blog/server/node_modules/egg-logrotator/app/schedule/rotate_by_file.js
2021-03-22 15:26:22,940 INFO 21900 [egg-schedule]: register schedule /Users/ganghu/Desktop/会盟项目资料/React/react-test/react-blog/server/node_modules/egg-multipart/app/schedule/clean_tmpdir.js
2021-03-22 15:26:22,940 INFO 21900 [egg-schedule]: register schedule /Users/ganghu/Desktop/会盟项目资料/React/react-test/react-blog/server/node_modules/egg-logrotator/app/schedule/clean_log.js
2021-03-22 15:26:22,940 INFO 21900 [egg-schedule]: register schedule /Users/ganghu/Desktop/会盟项目资料/React/react-test/react-blog/server/node_modules/egg-logrotator/app/schedule/rotate_by_file.js
2021-03-22 15:26:34,095 INFO 21925 [egg-schedule]: register schedule /Users/ganghu/Desktop/会盟项目资料/React/react-test/react-blog/server/node_modules/egg-multipart/app/schedule/clean_tmpdir.js
2021-03-22 15:26:34,095 INFO 21925 [egg-schedule]: register schedule /Users/ganghu/Desktop/会盟项目资料/React/react-test/react-blog/server/node_modules/egg-logrotator/app/schedule/clean_log.js
2021-03-22 15:26:34,095 INFO 21925 [egg-schedule]: register schedule /Users/ganghu/Desktop/会盟项目资料/React/react-test/react-blog/server/node_modules/egg-logrotator/app/schedule/rotate_by_file.js
2021-03-22 15:26:54,514 INFO 21970 [egg-schedule]: register schedule /Users/ganghu/Desktop/会盟项目资料/React/react-test/react-blog/server/node_modules/egg-multipart/app/schedule/clean_tmpdir.js
2021-03-22 15:26:54,515 INFO 21970 [egg-schedule]: register schedule /Users/ganghu/Desktop/会盟项目资料/React/react-test/react-blog/server/node_modules/egg-logrotator/app/schedule/clean_log.js
2021-03-22 15:26:54,515 INFO 21970 [egg-schedule]: register schedule /Users/ganghu/Desktop/会盟项目资料/React/react-test/react-blog/server/node_modules/egg-logrotator/app/schedule/rotate_by_file.js
2021-03-22 15:26:59,448 INFO 21983 [egg-schedule]: register schedule /Users/ganghu/Desktop/会盟项目资料/React/react-test/react-blog/server/node_modules/egg-multipart/app/schedule/clean_tmpdir.js
2021-03-22 15:26:59,448 INFO 21983 [egg-schedule]: register schedule /Users/ganghu/Desktop/会盟项目资料/React/react-test/react-blog/server/node_modules/egg-logrotator/app/schedule/clean_log.js
2021-03-22 15:26:59,448 INFO 21983 [egg-schedule]: register schedule /Users/ganghu/Desktop/会盟项目资料/React/react-test/react-blog/server/node_modules/egg-logrotator/app/schedule/rotate_by_file.js
2021-03-22 15:34:09,734 INFO 22604 [egg-schedule]: register schedule /Users/ganghu/Desktop/会盟项目资料/React/react-test/react-blog/server/node_modules/egg-multipart/app/schedule/clean_tmpdir.js
2021-03-22 15:34:09,734 INFO 22604 [egg-schedule]: register schedule /Users/ganghu/Desktop/会盟项目资料/React/react-test/react-blog/server/node_modules/egg-logrotator/app/schedule/clean_log.js
2021-03-22 15:34:09,734 INFO 22604 [egg-schedule]: register schedule /Users/ganghu/Desktop/会盟项目资料/React/react-test/react-blog/server/node_modules/egg-logrotator/app/schedule/rotate_by_file.js
2021-03-22 15:34:23,009 INFO 22641 [egg-schedule]: register schedule /Users/ganghu/Desktop/会盟项目资料/React/react-test/react-blog/server/node_modules/egg-multipart/app/schedule/clean_tmpdir.js
2021-03-22 15:34:23,010 INFO 22641 [egg-schedule]: register schedule /Users/ganghu/Desktop/会盟项目资料/React/react-test/react-blog/server/node_modules/egg-logrotator/app/schedule/clean_log.js
2021-03-22 15:34:23,010 INFO 22641 [egg-schedule]: register schedule /Users/ganghu/Desktop/会盟项目资料/React/react-test/react-blog/server/node_modules/egg-logrotator/app/schedule/rotate_by_file.js
2021-03-22 15:34:36,000 INFO 22678 [egg-schedule]: register schedule /Users/ganghu/Desktop/会盟项目资料/React/react-test/react-blog/server/node_modules/egg-multipart/app/schedule/clean_tmpdir.js
2021-03-22 15:34:36,000 INFO 22678 [egg-schedule]: register schedule /Users/ganghu/Desktop/会盟项目资料/React/react-test/react-blog/server/node_modules/egg-logrotator/app/schedule/clean_log.js
2021-03-22 15:34:36,000 INFO 22678 [egg-schedule]: register schedule /Users/ganghu/Desktop/会盟项目资料/React/react-test/react-blog/server/node_modules/egg-logrotator/app/schedule/rotate_by_file.js
2021-03-22 15:34:49,263 INFO 22709 [egg-schedule]: register schedule /Users/ganghu/Desktop/会盟项目资料/React/react-test/react-blog/server/node_modules/egg-multipart/app/schedule/clean_tmpdir.js
2021-03-22 15:34:49,263 INFO 22709 [egg-schedule]: register schedule /Users/ganghu/Desktop/会盟项目资料/React/react-test/react-blog/server/node_modules/egg-logrotator/app/schedule/clean_log.js
2021-03-22 15:34:49,263 INFO 22709 [egg-schedule]: register schedule /Users/ganghu/Desktop/会盟项目资料/React/react-test/react-blog/server/node_modules/egg-logrotator/app/schedule/rotate_by_file.js
2021-03-22 16:59:42,818 INFO 25892 [egg-schedule]: register schedule /Users/ganghu/Desktop/会盟项目资料/React/react-test/react-blog/server/node_modules/egg-multipart/app/schedule/clean_tmpdir.js
2021-03-22 16:59:42,818 INFO 25892 [egg-schedule]: register schedule /Users/ganghu/Desktop/会盟项目资料/React/react-test/react-blog/server/node_modules/egg-logrotator/app/schedule/clean_log.js
2021-03-22 16:59:42,818 INFO 25892 [egg-schedule]: register schedule /Users/ganghu/Desktop/会盟项目资料/React/react-test/react-blog/server/node_modules/egg-logrotator/app/schedule/rotate_by_file.js
2021-03-22 16:59:44,250 INFO 25902 [egg-schedule]: register schedule /Users/ganghu/Desktop/会盟项目资料/React/react-test/react-blog/server/node_modules/egg-multipart/app/schedule/clean_tmpdir.js
2021-03-22 16:59:44,250 INFO 25902 [egg-schedule]: register schedule /Users/ganghu/Desktop/会盟项目资料/React/react-test/react-blog/server/node_modules/egg-logrotator/app/schedule/clean_log.js
2021-03-22 16:59:44,250 INFO 25902 [egg-schedule]: register schedule /Users/ganghu/Desktop/会盟项目资料/React/react-test/react-blog/server/node_modules/egg-logrotator/app/schedule/rotate_by_file.js
2021-03-22 16:59:51,092 INFO 25919 [egg-schedule]: register schedule /Users/ganghu/Desktop/会盟项目资料/React/react-test/react-blog/server/node_modules/egg-multipart/app/schedule/clean_tmpdir.js
2021-03-22 16:59:51,092 INFO 25919 [egg-schedule]: register schedule /Users/ganghu/Desktop/会盟项目资料/React/react-test/react-blog/server/node_modules/egg-logrotator/app/schedule/clean_log.js
2021-03-22 16:59:51,092 INFO 25919 [egg-schedule]: register schedule /Users/ganghu/Desktop/会盟项目资料/React/react-test/react-blog/server/node_modules/egg-logrotator/app/schedule/rotate_by_file.js
2021-03-22 16:59:57,732 INFO 25930 [egg-schedule]: register schedule /Users/ganghu/Desktop/会盟项目资料/React/react-test/react-blog/server/node_modules/egg-multipart/app/schedule/clean_tmpdir.js
2021-03-22 16:59:57,732 INFO 25930 [egg-schedule]: register schedule /Users/ganghu/Desktop/会盟项目资料/React/react-test/react-blog/server/node_modules/egg-logrotator/app/schedule/clean_log.js
2021-03-22 16:59:57,732 INFO 25930 [egg-schedule]: register schedule /Users/ganghu/Desktop/会盟项目资料/React/react-test/react-blog/server/node_modules/egg-logrotator/app/schedule/rotate_by_file.js
2021-03-22 17:00:00,111 INFO 25943 [egg-schedule]: register schedule /Users/ganghu/Desktop/会盟项目资料/React/react-test/react-blog/server/node_modules/egg-multipart/app/schedule/clean_tmpdir.js
2021-03-22 17:00:00,111 INFO 25943 [egg-schedule]: register schedule /Users/ganghu/Desktop/会盟项目资料/React/react-test/react-blog/server/node_modules/egg-logrotator/app/schedule/clean_log.js
2021-03-22 17:00:00,111 INFO 25943 [egg-schedule]: register schedule /Users/ganghu/Desktop/会盟项目资料/React/react-test/react-blog/server/node_modules/egg-logrotator/app/schedule/rotate_by_file.js
2021-03-22 17:00:12,482 INFO 25960 [egg-schedule]: register schedule /Users/ganghu/Desktop/会盟项目资料/React/react-test/react-blog/server/node_modules/egg-multipart/app/schedule/clean_tmpdir.js
2021-03-22 17:00:12,482 INFO 25960 [egg-schedule]: register schedule /Users/ganghu/Desktop/会盟项目资料/React/react-test/react-blog/server/node_modules/egg-logrotator/app/schedule/clean_log.js
2021-03-22 17:00:12,482 INFO 25960 [egg-schedule]: register schedule /Users/ganghu/Desktop/会盟项目资料/React/react-test/react-blog/server/node_modules/egg-logrotator/app/schedule/rotate_by_file.js
2021-03-22 17:00:33,341 INFO 25987 [egg-schedule]: register schedule /Users/ganghu/Desktop/会盟项目资料/React/react-test/react-blog/server/node_modules/egg-multipart/app/schedule/clean_tmpdir.js
2021-03-22 17:00:33,341 INFO 25987 [egg-schedule]: register schedule /Users/ganghu/Desktop/会盟项目资料/React/react-test/react-blog/server/node_modules/egg-logrotator/app/schedule/clean_log.js
2021-03-22 17:00:33,341 INFO 25987 [egg-schedule]: register schedule /Users/ganghu/Desktop/会盟项目资料/React/react-test/react-blog/server/node_modules/egg-logrotator/app/schedule/rotate_by_file.js
2021-03-22 17:02:31,684 INFO 26084 [egg-schedule]: register schedule /Users/ganghu/Desktop/会盟项目资料/React/react-test/react-blog/server/node_modules/egg-multipart/app/schedule/clean_tmpdir.js
2021-03-22 17:02:31,684 INFO 26084 [egg-schedule]: register schedule /Users/ganghu/Desktop/会盟项目资料/React/react-test/react-blog/server/node_modules/egg-logrotator/app/schedule/clean_log.js
2021-03-22 17:02:31,684 INFO 26084 [egg-schedule]: register schedule /Users/ganghu/Desktop/会盟项目资料/React/react-test/react-blog/server/node_modules/egg-logrotator/app/schedule/rotate_by_file.js
2021-03-22 17:08:31,795 INFO 26369 [egg-schedule]: register schedule /Users/ganghu/Desktop/会盟项目资料/React/react-test/react-blog/server/node_modules/egg-multipart/app/schedule/clean_tmpdir.js
2021-03-22 17:08:31,795 INFO 26369 [egg-schedule]: register schedule /Users/ganghu/Desktop/会盟项目资料/React/react-test/react-blog/server/node_modules/egg-logrotator/app/schedule/clean_log.js
2021-03-22 17:08:31,795 INFO 26369 [egg-schedule]: register schedule /Users/ganghu/Desktop/会盟项目资料/React/react-test/react-blog/server/node_modules/egg-logrotator/app/schedule/rotate_by_file.js
2021-03-22 17:09:01,874 INFO 26415 [egg-schedule]: register schedule /Users/ganghu/Desktop/会盟项目资料/React/react-test/react-blog/server/node_modules/egg-multipart/app/schedule/clean_tmpdir.js
2021-03-22 17:09:01,874 INFO 26415 [egg-schedule]: register schedule /Users/ganghu/Desktop/会盟项目资料/React/react-test/react-blog/server/node_modules/egg-logrotator/app/schedule/clean_log.js
2021-03-22 17:09:01,874 INFO 26415 [egg-schedule]: register schedule /Users/ganghu/Desktop/会盟项目资料/React/react-test/react-blog/server/node_modules/egg-logrotator/app/schedule/rotate_by_file.js
2021-03-22 17:09:05,185 INFO 26424 [egg-schedule]: register schedule /Users/ganghu/Desktop/会盟项目资料/React/react-test/react-blog/server/node_modules/egg-multipart/app/schedule/clean_tmpdir.js
2021-03-22 17:09:05,185 INFO 26424 [egg-schedule]: register schedule /Users/ganghu/Desktop/会盟项目资料/React/react-test/react-blog/server/node_modules/egg-logrotator/app/schedule/clean_log.js
2021-03-22 17:09:05,185 INFO 26424 [egg-schedule]: register schedule /Users/ganghu/Desktop/会盟项目资料/React/react-test/react-blog/server/node_modules/egg-logrotator/app/schedule/rotate_by_file.js
2021-03-22 17:09:07,665 INFO 26435 [egg-schedule]: register schedule /Users/ganghu/Desktop/会盟项目资料/React/react-test/react-blog/server/node_modules/egg-multipart/app/schedule/clean_tmpdir.js
2021-03-22 17:09:07,665 INFO 26435 [egg-schedule]: register schedule /Users/ganghu/Desktop/会盟项目资料/React/react-test/react-blog/server/node_modules/egg-logrotator/app/schedule/clean_log.js
2021-03-22 17:09:07,665 INFO 26435 [egg-schedule]: register schedule /Users/ganghu/Desktop/会盟项目资料/React/react-test/react-blog/server/node_modules/egg-logrotator/app/schedule/rotate_by_file.js
2021-03-22 17:09:11,589 INFO 26440 [egg-schedule]: register schedule /Users/ganghu/Desktop/会盟项目资料/React/react-test/react-blog/server/node_modules/egg-multipart/app/schedule/clean_tmpdir.js
2021-03-22 17:09:11,589 INFO 26440 [egg-schedule]: register schedule /Users/ganghu/Desktop/会盟项目资料/React/react-test/react-blog/server/node_modules/egg-logrotator/app/schedule/clean_log.js
2021-03-22 17:09:11,589 INFO 26440 [egg-schedule]: register schedule /Users/ganghu/Desktop/会盟项目资料/React/react-test/react-blog/server/node_modules/egg-logrotator/app/schedule/rotate_by_file.js
2021-03-22 17:09:20,061 INFO 26461 [egg-schedule]: register schedule /Users/ganghu/Desktop/会盟项目资料/React/react-test/react-blog/server/node_modules/egg-multipart/app/schedule/clean_tmpdir.js
2021-03-22 17:09:20,061 INFO 26461 [egg-schedule]: register schedule /Users/ganghu/Desktop/会盟项目资料/React/react-test/react-blog/server/node_modules/egg-logrotator/app/schedule/clean_log.js
2021-03-22 17:09:20,061 INFO 26461 [egg-schedule]: register schedule /Users/ganghu/Desktop/会盟项目资料/React/react-test/react-blog/server/node_modules/egg-logrotator/app/schedule/rotate_by_file.js
2021-03-22 17:09:21,670 INFO 26464 [egg-schedule]: register schedule /Users/ganghu/Desktop/会盟项目资料/React/react-test/react-blog/server/node_modules/egg-multipart/app/schedule/clean_tmpdir.js
2021-03-22 17:09:21,670 INFO 26464 [egg-schedule]: register schedule /Users/ganghu/Desktop/会盟项目资料/React/react-test/react-blog/server/node_modules/egg-logrotator/app/schedule/clean_log.js
2021-03-22 17:09:21,670 INFO 26464 [egg-schedule]: register schedule /Users/ganghu/Desktop/会盟项目资料/React/react-test/react-blog/server/node_modules/egg-logrotator/app/schedule/rotate_by_file.js
2021-03-22 17:09:27,898 INFO 26474 [egg-schedule]: register schedule /Users/ganghu/Desktop/会盟项目资料/React/react-test/react-blog/server/node_modules/egg-multipart/app/schedule/clean_tmpdir.js
2021-03-22 17:09:27,898 INFO 26474 [egg-schedule]: register schedule /Users/ganghu/Desktop/会盟项目资料/React/react-test/react-blog/server/node_modules/egg-logrotator/app/schedule/clean_log.js
2021-03-22 17:09:27,898 INFO 26474 [egg-schedule]: register schedule /Users/ganghu/Desktop/会盟项目资料/React/react-test/react-blog/server/node_modules/egg-logrotator/app/schedule/rotate_by_file.js
2021-03-22 17:10:02,704 INFO 26515 [egg-schedule]: register schedule /Users/ganghu/Desktop/会盟项目资料/React/react-test/react-blog/server/node_modules/egg-multipart/app/schedule/clean_tmpdir.js
2021-03-22 17:10:02,704 INFO 26515 [egg-schedule]: register schedule /Users/ganghu/Desktop/会盟项目资料/React/react-test/react-blog/server/node_modules/egg-logrotator/app/schedule/clean_log.js
2021-03-22 17:10:02,704 INFO 26515 [egg-schedule]: register schedule /Users/ganghu/Desktop/会盟项目资料/React/react-test/react-blog/server/node_modules/egg-logrotator/app/schedule/rotate_by_file.js
2021-03-22 17:10:11,680 INFO 26533 [egg-schedule]: register schedule /Users/ganghu/Desktop/会盟项目资料/React/react-test/react-blog/server/node_modules/egg-multipart/app/schedule/clean_tmpdir.js
2021-03-22 17:10:11,680 INFO 26533 [egg-schedule]: register schedule /Users/ganghu/Desktop/会盟项目资料/React/react-test/react-blog/server/node_modules/egg-logrotator/app/schedule/clean_log.js
2021-03-22 17:10:11,680 INFO 26533 [egg-schedule]: register schedule /Users/ganghu/Desktop/会盟项目资料/React/react-test/react-blog/server/node_modules/egg-logrotator/app/schedule/rotate_by_file.js
2021-03-22 17:10:15,955 INFO 26546 [egg-schedule]: register schedule /Users/ganghu/Desktop/会盟项目资料/React/react-test/react-blog/server/node_modules/egg-multipart/app/schedule/clean_tmpdir.js
2021-03-22 17:10:15,955 INFO 26546 [egg-schedule]: register schedule /Users/ganghu/Desktop/会盟项目资料/React/react-test/react-blog/server/node_modules/egg-logrotator/app/schedule/clean_log.js
2021-03-22 17:10:15,955 INFO 26546 [egg-schedule]: register schedule /Users/ganghu/Desktop/会盟项目资料/React/react-test/react-blog/server/node_modules/egg-logrotator/app/schedule/rotate_by_file.js
2021-03-22 17:10:20,178 INFO 26557 [egg-schedule]: register schedule /Users/ganghu/Desktop/会盟项目资料/React/react-test/react-blog/server/node_modules/egg-multipart/app/schedule/clean_tmpdir.js
2021-03-22 17:10:20,178 INFO 26557 [egg-schedule]: register schedule /Users/ganghu/Desktop/会盟项目资料/React/react-test/react-blog/server/node_modules/egg-logrotator/app/schedule/clean_log.js
2021-03-22 17:10:20,178 INFO 26557 [egg-schedule]: register schedule /Users/ganghu/Desktop/会盟项目资料/React/react-test/react-blog/server/node_modules/egg-logrotator/app/schedule/rotate_by_file.js
2021-03-24 11:58:22,987 INFO 76853 [Timer] /Users/ganghu/Desktop/会盟项目资料/React/react-test/react-blog/server/node_modules/egg-multipart/app/schedule/clean_tmpdir.js next time will execute after 59497016ms at 2021-03-25 04:30:00.003
2021-03-24 11:58:22,987 INFO 76853 [Timer] /Users/ganghu/Desktop/会盟项目资料/React/react-test/react-blog/server/node_modules/egg-logrotator/app/schedule/clean_log.js next time will execute after 43297013ms at 2021-03-25 00:00:00.000
2021-03-24 11:58:22,988 INFO 76853 [Timer] /Users/ganghu/Desktop/会盟项目资料/React/react-test/react-blog/server/node_modules/egg-logrotator/app/schedule/rotate_by_file.js next time will execute after 43298013ms at 2021-03-25 00:00:01.001
2021-03-24 11:58:22,685 INFO 76865 [egg-schedule]: register schedule /Users/ganghu/Desktop/会盟项目资料/React/react-test/react-blog/server/node_modules/egg-multipart/app/schedule/clean_tmpdir.js
2021-03-24 11:58:22,685 INFO 76865 [egg-schedule]: register schedule /Users/ganghu/Desktop/会盟项目资料/React/react-test/react-blog/server/node_modules/egg-logrotator/app/schedule/clean_log.js
2021-03-24 11:58:22,685 INFO 76865 [egg-schedule]: register schedule /Users/ganghu/Desktop/会盟项目资料/React/react-test/react-blog/server/node_modules/egg-logrotator/app/schedule/rotate_by_file.js
2021-03-24 16:52:09,808 INFO 10931 [egg-schedule]: register schedule /Users/ganghu/Desktop/会盟项目资料/React/react-test/react-blog/server/node_modules/egg-multipart/app/schedule/clean_tmpdir.js
2021-03-24 16:52:09,808 INFO 10931 [egg-schedule]: register schedule /Users/ganghu/Desktop/会盟项目资料/React/react-test/react-blog/server/node_modules/egg-logrotator/app/schedule/clean_log.js
2021-03-24 16:52:09,808 INFO 10931 [egg-schedule]: register schedule /Users/ganghu/Desktop/会盟项目资料/React/react-test/react-blog/server/node_modules/egg-logrotator/app/schedule/rotate_by_file.js
2021-03-24 16:52:16,243 INFO 10947 [egg-schedule]: register schedule /Users/ganghu/Desktop/会盟项目资料/React/react-test/react-blog/server/node_modules/egg-multipart/app/schedule/clean_tmpdir.js
2021-03-24 16:52:16,243 INFO 10947 [egg-schedule]: register schedule /Users/ganghu/Desktop/会盟项目资料/React/react-test/react-blog/server/node_modules/egg-logrotator/app/schedule/clean_log.js
2021-03-24 16:52:16,243 INFO 10947 [egg-schedule]: register schedule /Users/ganghu/Desktop/会盟项目资料/React/react-test/react-blog/server/node_modules/egg-logrotator/app/schedule/rotate_by_file.js
2021-03-24 16:52:18,409 INFO 10964 [egg-schedule]: register schedule /Users/ganghu/Desktop/会盟项目资料/React/react-test/react-blog/server/node_modules/egg-multipart/app/schedule/clean_tmpdir.js
2021-03-24 16:52:18,409 INFO 10964 [egg-schedule]: register schedule /Users/ganghu/Desktop/会盟项目资料/React/react-test/react-blog/server/node_modules/egg-logrotator/app/schedule/clean_log.js
2021-03-24 16:52:18,409 INFO 10964 [egg-schedule]: register schedule /Users/ganghu/Desktop/会盟项目资料/React/react-test/react-blog/server/node_modules/egg-logrotator/app/schedule/rotate_by_file.js
2021-03-24 16:55:45,350 INFO 11318 [egg-schedule]: register schedule /Users/ganghu/Desktop/会盟项目资料/React/react-test/react-blog/server/node_modules/egg-multipart/app/schedule/clean_tmpdir.js
2021-03-24 16:55:45,350 INFO 11318 [egg-schedule]: register schedule /Users/ganghu/Desktop/会盟项目资料/React/react-test/react-blog/server/node_modules/egg-logrotator/app/schedule/clean_log.js
2021-03-24 16:55:45,350 INFO 11318 [egg-schedule]: register schedule /Users/ganghu/Desktop/会盟项目资料/React/react-test/react-blog/server/node_modules/egg-logrotator/app/schedule/rotate_by_file.js
2021-03-24 16:55:46,494 INFO 11323 [egg-schedule]: register schedule /Users/ganghu/Desktop/会盟项目资料/React/react-test/react-blog/server/node_modules/egg-multipart/app/schedule/clean_tmpdir.js
2021-03-24 16:55:46,494 INFO 11323 [egg-schedule]: register schedule /Users/ganghu/Desktop/会盟项目资料/React/react-test/react-blog/server/node_modules/egg-logrotator/app/schedule/clean_log.js
2021-03-24 16:55:46,495 INFO 11323 [egg-schedule]: register schedule /Users/ganghu/Desktop/会盟项目资料/React/react-test/react-blog/server/node_modules/egg-logrotator/app/schedule/rotate_by_file.js
2021-03-24 16:56:01,576 INFO 11352 [egg-schedule]: register schedule /Users/ganghu/Desktop/会盟项目资料/React/react-test/react-blog/server/node_modules/egg-multipart/app/schedule/clean_tmpdir.js
2021-03-24 16:56:01,576 INFO 11352 [egg-schedule]: register schedule /Users/ganghu/Desktop/会盟项目资料/React/react-test/react-blog/server/node_modules/egg-logrotator/app/schedule/clean_log.js
2021-03-24 16:56:01,576 INFO 11352 [egg-schedule]: register schedule /Users/ganghu/Desktop/会盟项目资料/React/react-test/react-blog/server/node_modules/egg-logrotator/app/schedule/rotate_by_file.js
2021-03-24 16:56:35,218 INFO 11421 [egg-schedule]: register schedule /Users/ganghu/Desktop/会盟项目资料/React/react-test/react-blog/server/node_modules/egg-multipart/app/schedule/clean_tmpdir.js
2021-03-24 16:56:35,218 INFO 11421 [egg-schedule]: register schedule /Users/ganghu/Desktop/会盟项目资料/React/react-test/react-blog/server/node_modules/egg-logrotator/app/schedule/clean_log.js
2021-03-24 16:56:35,218 INFO 11421 [egg-schedule]: register schedule /Users/ganghu/Desktop/会盟项目资料/React/react-test/react-blog/server/node_modules/egg-logrotator/app/schedule/rotate_by_file.js
2021-03-24 16:56:46,783 INFO 11453 [egg-schedule]: register schedule /Users/ganghu/Desktop/会盟项目资料/React/react-test/react-blog/server/node_modules/egg-multipart/app/schedule/clean_tmpdir.js
2021-03-24 16:56:46,783 INFO 11453 [egg-schedule]: register schedule /Users/ganghu/Desktop/会盟项目资料/React/react-test/react-blog/server/node_modules/egg-logrotator/app/schedule/clean_log.js
2021-03-24 16:56:46,783 INFO 11453 [egg-schedule]: register schedule /Users/ganghu/Desktop/会盟项目资料/React/react-test/react-blog/server/node_modules/egg-logrotator/app/schedule/rotate_by_file.js
2021-03-24 16:56:50,704 INFO 11468 [egg-schedule]: register schedule /Users/ganghu/Desktop/会盟项目资料/React/react-test/react-blog/server/node_modules/egg-multipart/app/schedule/clean_tmpdir.js
2021-03-24 16:56:50,704 INFO 11468 [egg-schedule]: register schedule /Users/ganghu/Desktop/会盟项目资料/React/react-test/react-blog/server/node_modules/egg-logrotator/app/schedule/clean_log.js
2021-03-24 16:56:50,704 INFO 11468 [egg-schedule]: register schedule /Users/ganghu/Desktop/会盟项目资料/React/react-test/react-blog/server/node_modules/egg-logrotator/app/schedule/rotate_by_file.js
2021-03-24 16:57:04,466 INFO 11512 [egg-schedule]: register schedule /Users/ganghu/Desktop/会盟项目资料/React/react-test/react-blog/server/node_modules/egg-multipart/app/schedule/clean_tmpdir.js
2021-03-24 16:57:04,466 INFO 11512 [egg-schedule]: register schedule /Users/ganghu/Desktop/会盟项目资料/React/react-test/react-blog/server/node_modules/egg-logrotator/app/schedule/clean_log.js
2021-03-24 16:57:04,466 INFO 11512 [egg-schedule]: register schedule /Users/ganghu/Desktop/会盟项目资料/React/react-test/react-blog/server/node_modules/egg-logrotator/app/schedule/rotate_by_file.js
2021-03-24 16:57:08,009 INFO 11524 [egg-schedule]: register schedule /Users/ganghu/Desktop/会盟项目资料/React/react-test/react-blog/server/node_modules/egg-multipart/app/schedule/clean_tmpdir.js
2021-03-24 16:57:08,009 INFO 11524 [egg-schedule]: register schedule /Users/ganghu/Desktop/会盟项目资料/React/react-test/react-blog/server/node_modules/egg-logrotator/app/schedule/clean_log.js
2021-03-24 16:57:08,009 INFO 11524 [egg-schedule]: register schedule /Users/ganghu/Desktop/会盟项目资料/React/react-test/react-blog/server/node_modules/egg-logrotator/app/schedule/rotate_by_file.js
2021-03-24 16:57:09,271 INFO 11528 [egg-schedule]: register schedule /Users/ganghu/Desktop/会盟项目资料/React/react-test/react-blog/server/node_modules/egg-multipart/app/schedule/clean_tmpdir.js
2021-03-24 16:57:09,271 INFO 11528 [egg-schedule]: register schedule /Users/ganghu/Desktop/会盟项目资料/React/react-test/react-blog/server/node_modules/egg-logrotator/app/schedule/clean_log.js
2021-03-24 16:57:09,271 INFO 11528 [egg-schedule]: register schedule /Users/ganghu/Desktop/会盟项目资料/React/react-test/react-blog/server/node_modules/egg-logrotator/app/schedule/rotate_by_file.js
2021-03-24 16:57:15,336 INFO 11542 [egg-schedule]: register schedule /Users/ganghu/Desktop/会盟项目资料/React/react-test/react-blog/server/node_modules/egg-multipart/app/schedule/clean_tmpdir.js
2021-03-24 16:57:15,336 INFO 11542 [egg-schedule]: register schedule /Users/ganghu/Desktop/会盟项目资料/React/react-test/react-blog/server/node_modules/egg-logrotator/app/schedule/clean_log.js
2021-03-24 16:57:15,336 INFO 11542 [egg-schedule]: register schedule /Users/ganghu/Desktop/会盟项目资料/React/react-test/react-blog/server/node_modules/egg-logrotator/app/schedule/rotate_by_file.js
2021-03-24 16:57:20,560 INFO 11561 [egg-schedule]: register schedule /Users/ganghu/Desktop/会盟项目资料/React/react-test/react-blog/server/node_modules/egg-multipart/app/schedule/clean_tmpdir.js
2021-03-24 16:57:20,560 INFO 11561 [egg-schedule]: register schedule /Users/ganghu/Desktop/会盟项目资料/React/react-test/react-blog/server/node_modules/egg-logrotator/app/schedule/clean_log.js
2021-03-24 16:57:20,560 INFO 11561 [egg-schedule]: register schedule /Users/ganghu/Desktop/会盟项目资料/React/react-test/react-blog/server/node_modules/egg-logrotator/app/schedule/rotate_by_file.js
2021-03-24 16:59:04,594 INFO 11825 [egg-schedule]: register schedule /Users/ganghu/Desktop/会盟项目资料/React/react-test/react-blog/server/node_modules/egg-multipart/app/schedule/clean_tmpdir.js
2021-03-24 16:59:04,594 INFO 11825 [egg-schedule]: register schedule /Users/ganghu/Desktop/会盟项目资料/React/react-test/react-blog/server/node_modules/egg-logrotator/app/schedule/clean_log.js
2021-03-24 16:59:04,594 INFO 11825 [egg-schedule]: register schedule /Users/ganghu/Desktop/会盟项目资料/React/react-test/react-blog/server/node_modules/egg-logrotator/app/schedule/rotate_by_file.js
2021-03-24 16:59:07,054 INFO 11831 [egg-schedule]: register schedule /Users/ganghu/Desktop/会盟项目资料/React/react-test/react-blog/server/node_modules/egg-multipart/app/schedule/clean_tmpdir.js
2021-03-24 16:59:07,054 INFO 11831 [egg-schedule]: register schedule /Users/ganghu/Desktop/会盟项目资料/React/react-test/react-blog/server/node_modules/egg-logrotator/app/schedule/clean_log.js
2021-03-24 16:59:07,054 INFO 11831 [egg-schedule]: register schedule /Users/ganghu/Desktop/会盟项目资料/React/react-test/react-blog/server/node_modules/egg-logrotator/app/schedule/rotate_by_file.js
2021-03-24 16:59:08,692 INFO 11843 [egg-schedule]: register schedule /Users/ganghu/Desktop/会盟项目资料/React/react-test/react-blog/server/node_modules/egg-multipart/app/schedule/clean_tmpdir.js
2021-03-24 16:59:08,692 INFO 11843 [egg-schedule]: register schedule /Users/ganghu/Desktop/会盟项目资料/React/react-test/react-blog/server/node_modules/egg-logrotator/app/schedule/clean_log.js
2021-03-24 16:59:08,692 INFO 11843 [egg-schedule]: register schedule /Users/ganghu/Desktop/会盟项目资料/React/react-test/react-blog/server/node_modules/egg-logrotator/app/schedule/rotate_by_file.js
2021-03-24 16:59:12,553 INFO 11852 [egg-schedule]: register schedule /Users/ganghu/Desktop/会盟项目资料/React/react-test/react-blog/server/node_modules/egg-multipart/app/schedule/clean_tmpdir.js
2021-03-24 16:59:12,553 INFO 11852 [egg-schedule]: register schedule /Users/ganghu/Desktop/会盟项目资料/React/react-test/react-blog/server/node_modules/egg-logrotator/app/schedule/clean_log.js
2021-03-24 16:59:12,553 INFO 11852 [egg-schedule]: register schedule /Users/ganghu/Desktop/会盟项目资料/React/react-test/react-blog/server/node_modules/egg-logrotator/app/schedule/rotate_by_file.js
2021-03-24 16:59:14,744 INFO 11865 [egg-schedule]: register schedule /Users/ganghu/Desktop/会盟项目资料/React/react-test/react-blog/server/node_modules/egg-multipart/app/schedule/clean_tmpdir.js
2021-03-24 16:59:14,744 INFO 11865 [egg-schedule]: register schedule /Users/ganghu/Desktop/会盟项目资料/React/react-test/react-blog/server/node_modules/egg-logrotator/app/schedule/clean_log.js
2021-03-24 16:59:14,744 INFO 11865 [egg-schedule]: register schedule /Users/ganghu/Desktop/会盟项目资料/React/react-test/react-blog/server/node_modules/egg-logrotator/app/schedule/rotate_by_file.js
2021-03-24 16:59:19,917 INFO 11882 [egg-schedule]: register schedule /Users/ganghu/Desktop/会盟项目资料/React/react-test/react-blog/server/node_modules/egg-multipart/app/schedule/clean_tmpdir.js
2021-03-24 16:59:19,917 INFO 11882 [egg-schedule]: register schedule /Users/ganghu/Desktop/会盟项目资料/React/react-test/react-blog/server/node_modules/egg-logrotator/app/schedule/clean_log.js
2021-03-24 16:59:19,918 INFO 11882 [egg-schedule]: register schedule /Users/ganghu/Desktop/会盟项目资料/React/react-test/react-blog/server/node_modules/egg-logrotator/app/schedule/rotate_by_file.js
2021-03-24 16:59:22,794 INFO 11889 [egg-schedule]: register schedule /Users/ganghu/Desktop/会盟项目资料/React/react-test/react-blog/server/node_modules/egg-multipart/app/schedule/clean_tmpdir.js
2021-03-24 16:59:22,794 INFO 11889 [egg-schedule]: register schedule /Users/ganghu/Desktop/会盟项目资料/React/react-test/react-blog/server/node_modules/egg-logrotator/app/schedule/clean_log.js
2021-03-24 16:59:22,794 INFO 11889 [egg-schedule]: register schedule /Users/ganghu/Desktop/会盟项目资料/React/react-test/react-blog/server/node_modules/egg-logrotator/app/schedule/rotate_by_file.js
2021-03-24 16:59:27,862 INFO 11906 [egg-schedule]: register schedule /Users/ganghu/Desktop/会盟项目资料/React/react-test/react-blog/server/node_modules/egg-multipart/app/schedule/clean_tmpdir.js
2021-03-24 16:59:27,862 INFO 11906 [egg-schedule]: register schedule /Users/ganghu/Desktop/会盟项目资料/React/react-test/react-blog/server/node_modules/egg-logrotator/app/schedule/clean_log.js
2021-03-24 16:59:27,862 INFO 11906 [egg-schedule]: register schedule /Users/ganghu/Desktop/会盟项目资料/React/react-test/react-blog/server/node_modules/egg-logrotator/app/schedule/rotate_by_file.js
2021-03-24 16:59:31,039 INFO 11918 [egg-schedule]: register schedule /Users/ganghu/Desktop/会盟项目资料/React/react-test/react-blog/server/node_modules/egg-multipart/app/schedule/clean_tmpdir.js
2021-03-24 16:59:31,039 INFO 11918 [egg-schedule]: register schedule /Users/ganghu/Desktop/会盟项目资料/React/react-test/react-blog/server/node_modules/egg-logrotator/app/schedule/clean_log.js
2021-03-24 16:59:31,039 INFO 11918 [egg-schedule]: register schedule /Users/ganghu/Desktop/会盟项目资料/React/react-test/react-blog/server/node_modules/egg-logrotator/app/schedule/rotate_by_file.js
2021-03-24 16:59:32,582 INFO 11922 [egg-schedule]: register schedule /Users/ganghu/Desktop/会盟项目资料/React/react-test/react-blog/server/node_modules/egg-multipart/app/schedule/clean_tmpdir.js
2021-03-24 16:59:32,582 INFO 11922 [egg-schedule]: register schedule /Users/ganghu/Desktop/会盟项目资料/React/react-test/react-blog/server/node_modules/egg-logrotator/app/schedule/clean_log.js
2021-03-24 16:59:32,582 INFO 11922 [egg-schedule]: register schedule /Users/ganghu/Desktop/会盟项目资料/React/react-test/react-blog/server/node_modules/egg-logrotator/app/schedule/rotate_by_file.js
2021-03-24 16:59:39,366 INFO 11945 [egg-schedule]: register schedule /Users/ganghu/Desktop/会盟项目资料/React/react-test/react-blog/server/node_modules/egg-multipart/app/schedule/clean_tmpdir.js
2021-03-24 16:59:39,366 INFO 11945 [egg-schedule]: register schedule /Users/ganghu/Desktop/会盟项目资料/React/react-test/react-blog/server/node_modules/egg-logrotator/app/schedule/clean_log.js
2021-03-24 16:59:39,366 INFO 11945 [egg-schedule]: register schedule /Users/ganghu/Desktop/会盟项目资料/React/react-test/react-blog/server/node_modules/egg-logrotator/app/schedule/rotate_by_file.js
2021-03-24 17:00:16,497 INFO 12019 [egg-schedule]: register schedule /Users/ganghu/Desktop/会盟项目资料/React/react-test/react-blog/server/node_modules/egg-multipart/app/schedule/clean_tmpdir.js
2021-03-24 17:00:16,497 INFO 12019 [egg-schedule]: register schedule /Users/ganghu/Desktop/会盟项目资料/React/react-test/react-blog/server/node_modules/egg-logrotator/app/schedule/clean_log.js
2021-03-24 17:00:16,497 INFO 12019 [egg-schedule]: register schedule /Users/ganghu/Desktop/会盟项目资料/React/react-test/react-blog/server/node_modules/egg-logrotator/app/schedule/rotate_by_file.js
2021-03-24 17:00:20,714 INFO 12030 [egg-schedule]: register schedule /Users/ganghu/Desktop/会盟项目资料/React/react-test/react-blog/server/node_modules/egg-multipart/app/schedule/clean_tmpdir.js
2021-03-24 17:00:20,714 INFO 12030 [egg-schedule]: register schedule /Users/ganghu/Desktop/会盟项目资料/React/react-test/react-blog/server/node_modules/egg-logrotator/app/schedule/clean_log.js
2021-03-24 17:00:20,714 INFO 12030 [egg-schedule]: register schedule /Users/ganghu/Desktop/会盟项目资料/React/react-test/react-blog/server/node_modules/egg-logrotator/app/schedule/rotate_by_file.js
2021-03-24 17:00:27,820 INFO 12050 [egg-schedule]: register schedule /Users/ganghu/Desktop/会盟项目资料/React/react-test/react-blog/server/node_modules/egg-multipart/app/schedule/clean_tmpdir.js
2021-03-24 17:00:27,820 INFO 12050 [egg-schedule]: register schedule /Users/ganghu/Desktop/会盟项目资料/React/react-test/react-blog/server/node_modules/egg-logrotator/app/schedule/clean_log.js
2021-03-24 17:00:27,820 INFO 12050 [egg-schedule]: register schedule /Users/ganghu/Desktop/会盟项目资料/React/react-test/react-blog/server/node_modules/egg-logrotator/app/schedule/rotate_by_file.js
2021-03-24 17:00:34,589 INFO 12073 [egg-schedule]: register schedule /Users/ganghu/Desktop/会盟项目资料/React/react-test/react-blog/server/node_modules/egg-multipart/app/schedule/clean_tmpdir.js
2021-03-24 17:00:34,589 INFO 12073 [egg-schedule]: register schedule /Users/ganghu/Desktop/会盟项目资料/React/react-test/react-blog/server/node_modules/egg-logrotator/app/schedule/clean_log.js
2021-03-24 17:00:34,589 INFO 12073 [egg-schedule]: register schedule /Users/ganghu/Desktop/会盟项目资料/React/react-test/react-blog/server/node_modules/egg-logrotator/app/schedule/rotate_by_file.js
2021-03-24 17:00:40,758 INFO 12092 [egg-schedule]: register schedule /Users/ganghu/Desktop/会盟项目资料/React/react-test/react-blog/server/node_modules/egg-multipart/app/schedule/clean_tmpdir.js
2021-03-24 17:00:40,758 INFO 12092 [egg-schedule]: register schedule /Users/ganghu/Desktop/会盟项目资料/React/react-test/react-blog/server/node_modules/egg-logrotator/app/schedule/clean_log.js
2021-03-24 17:00:40,758 INFO 12092 [egg-schedule]: register schedule /Users/ganghu/Desktop/会盟项目资料/React/react-test/react-blog/server/node_modules/egg-logrotator/app/schedule/rotate_by_file.js
2021-03-24 17:00:42,668 INFO 12096 [egg-schedule]: register schedule /Users/ganghu/Desktop/会盟项目资料/React/react-test/react-blog/server/node_modules/egg-multipart/app/schedule/clean_tmpdir.js
2021-03-24 17:00:42,668 INFO 12096 [egg-schedule]: register schedule /Users/ganghu/Desktop/会盟项目资料/React/react-test/react-blog/server/node_modules/egg-logrotator/app/schedule/clean_log.js
2021-03-24 17:00:42,668 INFO 12096 [egg-schedule]: register schedule /Users/ganghu/Desktop/会盟项目资料/React/react-test/react-blog/server/node_modules/egg-logrotator/app/schedule/rotate_by_file.js
2021-03-24 17:00:45,206 INFO 12110 [egg-schedule]: register schedule /Users/ganghu/Desktop/会盟项目资料/React/react-test/react-blog/server/node_modules/egg-multipart/app/schedule/clean_tmpdir.js
2021-03-24 17:00:45,206 INFO 12110 [egg-schedule]: register schedule /Users/ganghu/Desktop/会盟项目资料/React/react-test/react-blog/server/node_modules/egg-logrotator/app/schedule/clean_log.js
2021-03-24 17:00:45,206 INFO 12110 [egg-schedule]: register schedule /Users/ganghu/Desktop/会盟项目资料/React/react-test/react-blog/server/node_modules/egg-logrotator/app/schedule/rotate_by_file.js
2021-03-24 17:01:14,766 INFO 12171 [egg-schedule]: register schedule /Users/ganghu/Desktop/会盟项目资料/React/react-test/react-blog/server/node_modules/egg-multipart/app/schedule/clean_tmpdir.js
2021-03-24 17:01:14,766 INFO 12171 [egg-schedule]: register schedule /Users/ganghu/Desktop/会盟项目资料/React/react-test/react-blog/server/node_modules/egg-logrotator/app/schedule/clean_log.js
2021-03-24 17:01:14,766 INFO 12171 [egg-schedule]: register schedule /Users/ganghu/Desktop/会盟项目资料/React/react-test/react-blog/server/node_modules/egg-logrotator/app/schedule/rotate_by_file.js
2021-03-24 17:01:16,747 INFO 12184 [egg-schedule]: register schedule /Users/ganghu/Desktop/会盟项目资料/React/react-test/react-blog/server/node_modules/egg-multipart/app/schedule/clean_tmpdir.js
2021-03-24 17:01:16,747 INFO 12184 [egg-schedule]: register schedule /Users/ganghu/Desktop/会盟项目资料/React/react-test/react-blog/server/node_modules/egg-logrotator/app/schedule/clean_log.js
2021-03-24 17:01:16,747 INFO 12184 [egg-schedule]: register schedule /Users/ganghu/Desktop/会盟项目资料/React/react-test/react-blog/server/node_modules/egg-logrotator/app/schedule/rotate_by_file.js
2021-03-24 17:01:19,136 INFO 12188 [egg-schedule]: register schedule /Users/ganghu/Desktop/会盟项目资料/React/react-test/react-blog/server/node_modules/egg-multipart/app/schedule/clean_tmpdir.js
2021-03-24 17:01:19,136 INFO 12188 [egg-schedule]: register schedule /Users/ganghu/Desktop/会盟项目资料/React/react-test/react-blog/server/node_modules/egg-logrotator/app/schedule/clean_log.js
2021-03-24 17:01:19,136 INFO 12188 [egg-schedule]: register schedule /Users/ganghu/Desktop/会盟项目资料/React/react-test/react-blog/server/node_modules/egg-logrotator/app/schedule/rotate_by_file.js
2021-03-24 17:01:22,261 INFO 12201 [egg-schedule]: register schedule /Users/ganghu/Desktop/会盟项目资料/React/react-test/react-blog/server/node_modules/egg-multipart/app/schedule/clean_tmpdir.js
2021-03-24 17:01:22,261 INFO 12201 [egg-schedule]: register schedule /Users/ganghu/Desktop/会盟项目资料/React/react-test/react-blog/server/node_modules/egg-logrotator/app/schedule/clean_log.js
2021-03-24 17:01:22,261 INFO 12201 [egg-schedule]: register schedule /Users/ganghu/Desktop/会盟项目资料/React/react-test/react-blog/server/node_modules/egg-logrotator/app/schedule/rotate_by_file.js
2021-03-24 17:01:25,797 INFO 12213 [egg-schedule]: register schedule /Users/ganghu/Desktop/会盟项目资料/React/react-test/react-blog/server/node_modules/egg-multipart/app/schedule/clean_tmpdir.js
2021-03-24 17:01:25,797 INFO 12213 [egg-schedule]: register schedule /Users/ganghu/Desktop/会盟项目资料/React/react-test/react-blog/server/node_modules/egg-logrotator/app/schedule/clean_log.js
2021-03-24 17:01:25,797 INFO 12213 [egg-schedule]: register schedule /Users/ganghu/Desktop/会盟项目资料/React/react-test/react-blog/server/node_modules/egg-logrotator/app/schedule/rotate_by_file.js
2021-03-24 17:01:30,373 INFO 12228 [egg-schedule]: register schedule /Users/ganghu/Desktop/会盟项目资料/React/react-test/react-blog/server/node_modules/egg-multipart/app/schedule/clean_tmpdir.js
2021-03-24 17:01:30,373 INFO 12228 [egg-schedule]: register schedule /Users/ganghu/Desktop/会盟项目资料/React/react-test/react-blog/server/node_modules/egg-logrotator/app/schedule/clean_log.js
2021-03-24 17:01:30,373 INFO 12228 [egg-schedule]: register schedule /Users/ganghu/Desktop/会盟项目资料/React/react-test/react-blog/server/node_modules/egg-logrotator/app/schedule/rotate_by_file.js
2021-03-24 17:01:34,051 INFO 12235 [egg-schedule]: register schedule /Users/ganghu/Desktop/会盟项目资料/React/react-test/react-blog/server/node_modules/egg-multipart/app/schedule/clean_tmpdir.js
2021-03-24 17:01:34,051 INFO 12235 [egg-schedule]: register schedule /Users/ganghu/Desktop/会盟项目资料/React/react-test/react-blog/server/node_modules/egg-logrotator/app/schedule/clean_log.js
2021-03-24 17:01:34,051 INFO 12235 [egg-schedule]: register schedule /Users/ganghu/Desktop/会盟项目资料/React/react-test/react-blog/server/node_modules/egg-logrotator/app/schedule/rotate_by_file.js
2021-03-24 17:01:35,431 INFO 12246 [egg-schedule]: register schedule /Users/ganghu/Desktop/会盟项目资料/React/react-test/react-blog/server/node_modules/egg-multipart/app/schedule/clean_tmpdir.js
2021-03-24 17:01:35,431 INFO 12246 [egg-schedule]: register schedule /Users/ganghu/Desktop/会盟项目资料/React/react-test/react-blog/server/node_modules/egg-logrotator/app/schedule/clean_log.js
2021-03-24 17:01:35,431 INFO 12246 [egg-schedule]: register schedule /Users/ganghu/Desktop/会盟项目资料/React/react-test/react-blog/server/node_modules/egg-logrotator/app/schedule/rotate_by_file.js
2021-03-24 17:02:48,198 INFO 12377 [egg-schedule]: register schedule /Users/ganghu/Desktop/会盟项目资料/React/react-test/react-blog/server/node_modules/egg-multipart/app/schedule/clean_tmpdir.js
2021-03-24 17:02:48,198 INFO 12377 [egg-schedule]: register schedule /Users/ganghu/Desktop/会盟项目资料/React/react-test/react-blog/server/node_modules/egg-logrotator/app/schedule/clean_log.js
2021-03-24 17:02:48,198 INFO 12377 [egg-schedule]: register schedule /Users/ganghu/Desktop/会盟项目资料/React/react-test/react-blog/server/node_modules/egg-logrotator/app/schedule/rotate_by_file.js
2021-03-24 17:03:15,849 INFO 12439 [egg-schedule]: register schedule /Users/ganghu/Desktop/会盟项目资料/React/react-test/react-blog/server/node_modules/egg-multipart/app/schedule/clean_tmpdir.js
2021-03-24 17:03:15,849 INFO 12439 [egg-schedule]: register schedule /Users/ganghu/Desktop/会盟项目资料/React/react-test/react-blog/server/node_modules/egg-logrotator/app/schedule/clean_log.js
2021-03-24 17:03:15,849 INFO 12439 [egg-schedule]: register schedule /Users/ganghu/Desktop/会盟项目资料/React/react-test/react-blog/server/node_modules/egg-logrotator/app/schedule/rotate_by_file.js
2021-03-24 17:04:43,539 INFO 12593 [egg-schedule]: register schedule /Users/ganghu/Desktop/会盟项目资料/React/react-test/react-blog/server/node_modules/egg-multipart/app/schedule/clean_tmpdir.js
2021-03-24 17:04:43,540 INFO 12593 [egg-schedule]: register schedule /Users/ganghu/Desktop/会盟项目资料/React/react-test/react-blog/server/node_modules/egg-logrotator/app/schedule/clean_log.js
2021-03-24 17:04:43,540 INFO 12593 [egg-schedule]: register schedule /Users/ganghu/Desktop/会盟项目资料/React/react-test/react-blog/server/node_modules/egg-logrotator/app/schedule/rotate_by_file.js
2021-03-24 17:04:48,196 INFO 12608 [egg-schedule]: register schedule /Users/ganghu/Desktop/会盟项目资料/React/react-test/react-blog/server/node_modules/egg-multipart/app/schedule/clean_tmpdir.js
2021-03-24 17:04:48,196 INFO 12608 [egg-schedule]: register schedule /Users/ganghu/Desktop/会盟项目资料/React/react-test/react-blog/server/node_modules/egg-logrotator/app/schedule/clean_log.js
2021-03-24 17:04:48,196 INFO 12608 [egg-schedule]: register schedule /Users/ganghu/Desktop/会盟项目资料/React/react-test/react-blog/server/node_modules/egg-logrotator/app/schedule/rotate_by_file.js
2021-03-24 17:04:48,589 INFO 12609 [egg-schedule]: register schedule /Users/ganghu/Desktop/会盟项目资料/React/react-test/react-blog/server/node_modules/egg-multipart/app/schedule/clean_tmpdir.js
2021-03-24 17:04:48,589 INFO 12609 [egg-schedule]: register schedule /Users/ganghu/Desktop/会盟项目资料/React/react-test/react-blog/server/node_modules/egg-logrotator/app/schedule/clean_log.js
2021-03-24 17:04:48,589 INFO 12609 [egg-schedule]: register schedule /Users/ganghu/Desktop/会盟项目资料/React/react-test/react-blog/server/node_modules/egg-logrotator/app/schedule/rotate_by_file.js
2021-03-24 17:04:49,976 INFO 12638 [egg-schedule]: register schedule /Users/ganghu/Desktop/会盟项目资料/React/react-test/react-blog/server/node_modules/egg-multipart/app/schedule/clean_tmpdir.js
2021-03-24 17:04:49,976 INFO 12638 [egg-schedule]: register schedule /Users/ganghu/Desktop/会盟项目资料/React/react-test/react-blog/server/node_modules/egg-logrotator/app/schedule/clean_log.js
2021-03-24 17:04:49,976 INFO 12638 [egg-schedule]: register schedule /Users/ganghu/Desktop/会盟项目资料/React/react-test/react-blog/server/node_modules/egg-logrotator/app/schedule/rotate_by_file.js
2021-03-24 17:05:27,342 INFO 12702 [egg-schedule]: register schedule /Users/ganghu/Desktop/会盟项目资料/React/react-test/react-blog/server/node_modules/egg-multipart/app/schedule/clean_tmpdir.js
2021-03-24 17:05:27,342 INFO 12702 [egg-schedule]: register schedule /Users/ganghu/Desktop/会盟项目资料/React/react-test/react-blog/server/node_modules/egg-logrotator/app/schedule/clean_log.js
2021-03-24 17:05:27,342 INFO 12702 [egg-schedule]: register schedule /Users/ganghu/Desktop/会盟项目资料/React/react-test/react-blog/server/node_modules/egg-logrotator/app/schedule/rotate_by_file.js
2021-03-24 17:05:31,465 INFO 12714 [egg-schedule]: register schedule /Users/ganghu/Desktop/会盟项目资料/React/react-test/react-blog/server/node_modules/egg-multipart/app/schedule/clean_tmpdir.js
2021-03-24 17:05:31,465 INFO 12714 [egg-schedule]: register schedule /Users/ganghu/Desktop/会盟项目资料/React/react-test/react-blog/server/node_modules/egg-logrotator/app/schedule/clean_log.js
2021-03-24 17:05:31,465 INFO 12714 [egg-schedule]: register schedule /Users/ganghu/Desktop/会盟项目资料/React/react-test/react-blog/server/node_modules/egg-logrotator/app/schedule/rotate_by_file.js
2021-03-24 17:05:31,906 INFO 12715 [egg-schedule]: register schedule /Users/ganghu/Desktop/会盟项目资料/React/react-test/react-blog/server/node_modules/egg-multipart/app/schedule/clean_tmpdir.js
2021-03-24 17:05:31,906 INFO 12715 [egg-schedule]: register schedule /Users/ganghu/Desktop/会盟项目资料/React/react-test/react-blog/server/node_modules/egg-logrotator/app/schedule/clean_log.js
2021-03-24 17:05:31,906 INFO 12715 [egg-schedule]: register schedule /Users/ganghu/Desktop/会盟项目资料/React/react-test/react-blog/server/node_modules/egg-logrotator/app/schedule/rotate_by_file.js
2021-03-24 17:05:35,225 INFO 12729 [egg-schedule]: register schedule /Users/ganghu/Desktop/会盟项目资料/React/react-test/react-blog/server/node_modules/egg-multipart/app/schedule/clean_tmpdir.js
2021-03-24 17:05:35,225 INFO 12729 [egg-schedule]: register schedule /Users/ganghu/Desktop/会盟项目资料/React/react-test/react-blog/server/node_modules/egg-logrotator/app/schedule/clean_log.js
2021-03-24 17:05:35,225 INFO 12729 [egg-schedule]: register schedule /Users/ganghu/Desktop/会盟项目资料/React/react-test/react-blog/server/node_modules/egg-logrotator/app/schedule/rotate_by_file.js
2021-03-24 17:05:35,502 INFO 12736 [egg-schedule]: register schedule /Users/ganghu/Desktop/会盟项目资料/React/react-test/react-blog/server/node_modules/egg-multipart/app/schedule/clean_tmpdir.js
2021-03-24 17:05:35,503 INFO 12736 [egg-schedule]: register schedule /Users/ganghu/Desktop/会盟项目资料/React/react-test/react-blog/server/node_modules/egg-logrotator/app/schedule/clean_log.js
2021-03-24 17:05:35,503 INFO 12736 [egg-schedule]: register schedule /Users/ganghu/Desktop/会盟项目资料/React/react-test/react-blog/server/node_modules/egg-logrotator/app/schedule/rotate_by_file.js
2021-03-24 17:05:37,326 INFO 12741 [egg-schedule]: register schedule /Users/ganghu/Desktop/会盟项目资料/React/react-test/react-blog/server/node_modules/egg-multipart/app/schedule/clean_tmpdir.js
2021-03-24 17:05:37,326 INFO 12741 [egg-schedule]: register schedule /Users/ganghu/Desktop/会盟项目资料/React/react-test/react-blog/server/node_modules/egg-logrotator/app/schedule/clean_log.js
2021-03-24 17:05:37,326 INFO 12741 [egg-schedule]: register schedule /Users/ganghu/Desktop/会盟项目资料/React/react-test/react-blog/server/node_modules/egg-logrotator/app/schedule/rotate_by_file.js
2021-03-24 17:05:46,932 INFO 12766 [egg-schedule]: register schedule /Users/ganghu/Desktop/会盟项目资料/React/react-test/react-blog/server/node_modules/egg-multipart/app/schedule/clean_tmpdir.js
2021-03-24 17:05:46,932 INFO 12766 [egg-schedule]: register schedule /Users/ganghu/Desktop/会盟项目资料/React/react-test/react-blog/server/node_modules/egg-logrotator/app/schedule/clean_log.js
2021-03-24 17:05:46,932 INFO 12766 [egg-schedule]: register schedule /Users/ganghu/Desktop/会盟项目资料/React/react-test/react-blog/server/node_modules/egg-logrotator/app/schedule/rotate_by_file.js
2021-03-24 18:15:06,963 INFO 20766 [egg-schedule]: register schedule /Users/ganghu/Desktop/会盟项目资料/React/react-test/react-blog/server/node_modules/egg-multipart/app/schedule/clean_tmpdir.js
2021-03-24 18:15:06,963 INFO 20766 [egg-schedule]: register schedule /Users/ganghu/Desktop/会盟项目资料/React/react-test/react-blog/server/node_modules/egg-logrotator/app/schedule/clean_log.js
2021-03-24 18:15:06,963 INFO 20766 [egg-schedule]: register schedule /Users/ganghu/Desktop/会盟项目资料/React/react-test/react-blog/server/node_modules/egg-logrotator/app/schedule/rotate_by_file.js
2021-03-24 18:15:07,602 INFO 20756 [Timer] /Users/ganghu/Desktop/会盟项目资料/React/react-test/react-blog/server/node_modules/egg-multipart/app/schedule/clean_tmpdir.js next time will execute after 36892404ms at 2021-03-25 04:30:00.006
2021-03-24 18:15:07,603 INFO 20756 [Timer] /Users/ganghu/Desktop/会盟项目资料/React/react-test/react-blog/server/node_modules/egg-logrotator/app/schedule/clean_log.js next time will execute after 20692398ms at 2021-03-25 00:00:00.000
2021-03-24 18:15:07,603 INFO 20756 [Timer] /Users/ganghu/Desktop/会盟项目资料/React/react-test/react-blog/server/node_modules/egg-logrotator/app/schedule/rotate_by_file.js next time will execute after 20693397ms at 2021-03-25 00:00:01.000
2021-03-29 17:54:40,961 INFO 44987 [egg-schedule]: register schedule /Users/ganghu/Desktop/会盟项目资料/React/react-test/react-blog/server/node_modules/egg-multipart/app/schedule/clean_tmpdir.js
2021-03-29 17:54:40,961 INFO 44987 [egg-schedule]: register schedule /Users/ganghu/Desktop/会盟项目资料/React/react-test/react-blog/server/node_modules/egg-logrotator/app/schedule/clean_log.js
2021-03-29 17:54:40,961 INFO 44987 [egg-schedule]: register schedule /Users/ganghu/Desktop/会盟项目资料/React/react-test/react-blog/server/node_modules/egg-logrotator/app/schedule/rotate_by_file.js
2021-03-29 17:54:41,581 INFO 44974 [Timer] /Users/ganghu/Desktop/会盟项目资料/React/react-test/react-blog/server/node_modules/egg-multipart/app/schedule/clean_tmpdir.js next time will execute after 38118436ms at 2021-03-30 04:30:00.017
2021-03-29 17:54:41,581 INFO 44974 [Timer] /Users/ganghu/Desktop/会盟项目资料/React/react-test/react-blog/server/node_modules/egg-logrotator/app/schedule/clean_log.js next time will execute after 21918419ms at 2021-03-30 00:00:00.000
2021-03-29 17:54:41,582 INFO 44974 [Timer] /Users/ganghu/Desktop/会盟项目资料/React/react-test/react-blog/server/node_modules/egg-logrotator/app/schedule/rotate_by_file.js next time will execute after 21919419ms at 2021-03-30 00:00:01.001
2021-03-30 09:23:34,845 INFO 48171 [Timer] /Users/ganghu/Desktop/会盟项目资料/React/react-test/react-blog/server/node_modules/egg-multipart/app/schedule/clean_tmpdir.js next time will execute after 68785168ms at 2021-03-31 04:30:00.013
2021-03-30 09:23:34,846 INFO 48171 [Timer] /Users/ganghu/Desktop/会盟项目资料/React/react-test/react-blog/server/node_modules/egg-logrotator/app/schedule/clean_log.js next time will execute after 52585155ms at 2021-03-31 00:00:00.001
2021-03-30 09:23:34,846 INFO 48171 [Timer] /Users/ganghu/Desktop/会盟项目资料/React/react-test/react-blog/server/node_modules/egg-logrotator/app/schedule/rotate_by_file.js next time will execute after 52586154ms at 2021-03-31 00:00:01.000
2021-03-30 09:23:34,375 INFO 48184 [egg-schedule]: register schedule /Users/ganghu/Desktop/会盟项目资料/React/react-test/react-blog/server/node_modules/egg-multipart/app/schedule/clean_tmpdir.js
2021-03-30 09:23:34,375 INFO 48184 [egg-schedule]: register schedule /Users/ganghu/Desktop/会盟项目资料/React/react-test/react-blog/server/node_modules/egg-logrotator/app/schedule/clean_log.js
2021-03-30 09:23:34,375 INFO 48184 [egg-schedule]: register schedule /Users/ganghu/Desktop/会盟项目资料/React/react-test/react-blog/server/node_modules/egg-logrotator/app/schedule/rotate_by_file.js
2021-03-30 10:00:30,910 INFO 52162 [Timer] /Users/ganghu/Desktop/会盟项目资料/React/react-test/react-blog/server/node_modules/egg-multipart/app/schedule/clean_tmpdir.js next time will execute after 66569094ms at 2021-03-31 04:30:00.004
2021-03-30 10:00:30,910 INFO 52162 [Timer] /Users/ganghu/Desktop/会盟项目资料/React/react-test/react-blog/server/node_modules/egg-logrotator/app/schedule/clean_log.js next time will execute after 50369090ms at 2021-03-31 00:00:00.000
2021-03-30 10:00:30,911 INFO 52162 [Timer] /Users/ganghu/Desktop/会盟项目资料/React/react-test/react-blog/server/node_modules/egg-logrotator/app/schedule/rotate_by_file.js next time will execute after 50370090ms at 2021-03-31 00:00:01.001
2021-03-30 10:00:30,666 INFO 52171 [egg-schedule]: register schedule /Users/ganghu/Desktop/会盟项目资料/React/react-test/react-blog/server/node_modules/egg-multipart/app/schedule/clean_tmpdir.js
2021-03-30 10:00:30,666 INFO 52171 [egg-schedule]: register schedule /Users/ganghu/Desktop/会盟项目资料/React/react-test/react-blog/server/node_modules/egg-logrotator/app/schedule/clean_log.js
2021-03-30 10:00:30,666 INFO 52171 [egg-schedule]: register schedule /Users/ganghu/Desktop/会盟项目资料/React/react-test/react-blog/server/node_modules/egg-logrotator/app/schedule/rotate_by_file.js
2021-03-30 10:14:32,757 INFO 54333 [egg-schedule]: register schedule /Users/ganghu/Desktop/会盟项目资料/React/react-test/react-blog/server/node_modules/egg-multipart/app/schedule/clean_tmpdir.js
2021-03-30 10:14:32,757 INFO 54333 [egg-schedule]: register schedule /Users/ganghu/Desktop/会盟项目资料/React/react-test/react-blog/server/node_modules/egg-logrotator/app/schedule/clean_log.js
2021-03-30 10:14:32,757 INFO 54333 [egg-schedule]: register schedule /Users/ganghu/Desktop/会盟项目资料/React/react-test/react-blog/server/node_modules/egg-logrotator/app/schedule/rotate_by_file.js
2021-03-30 10:20:30,720 INFO 55416 [egg-schedule]: register schedule /Users/ganghu/Desktop/会盟项目资料/React/react-test/react-blog/server/node_modules/egg-multipart/app/schedule/clean_tmpdir.js
2021-03-30 10:20:30,720 INFO 55416 [egg-schedule]: register schedule /Users/ganghu/Desktop/会盟项目资料/React/react-test/react-blog/server/node_modules/egg-logrotator/app/schedule/clean_log.js
2021-03-30 10:20:30,720 INFO 55416 [egg-schedule]: register schedule /Users/ganghu/Desktop/会盟项目资料/React/react-test/react-blog/server/node_modules/egg-logrotator/app/schedule/rotate_by_file.js
2021-03-30 10:20:52,198 INFO 55665 [egg-schedule]: register schedule /Users/ganghu/Desktop/会盟项目资料/React/react-test/react-blog/server/node_modules/egg-multipart/app/schedule/clean_tmpdir.js
2021-03-30 10:20:52,198 INFO 55665 [egg-schedule]: register schedule /Users/ganghu/Desktop/会盟项目资料/React/react-test/react-blog/server/node_modules/egg-logrotator/app/schedule/clean_log.js
2021-03-30 10:20:52,198 INFO 55665 [egg-schedule]: register schedule /Users/ganghu/Desktop/会盟项目资料/React/react-test/react-blog/server/node_modules/egg-logrotator/app/schedule/rotate_by_file.js
2021-03-30 10:22:15,930 INFO 56111 [egg-schedule]: register schedule /Users/ganghu/Desktop/会盟项目资料/React/react-test/react-blog/server/node_modules/egg-multipart/app/schedule/clean_tmpdir.js
2021-03-30 10:22:15,930 INFO 56111 [egg-schedule]: register schedule /Users/ganghu/Desktop/会盟项目资料/React/react-test/react-blog/server/node_modules/egg-logrotator/app/schedule/clean_log.js
2021-03-30 10:22:15,930 INFO 56111 [egg-schedule]: register schedule /Users/ganghu/Desktop/会盟项目资料/React/react-test/react-blog/server/node_modules/egg-logrotator/app/schedule/rotate_by_file.js
2021-03-30 10:22:58,825 INFO 56382 [egg-schedule]: register schedule /Users/ganghu/Desktop/会盟项目资料/React/react-test/react-blog/server/node_modules/egg-multipart/app/schedule/clean_tmpdir.js
2021-03-30 10:22:58,825 INFO 56382 [egg-schedule]: register schedule /Users/ganghu/Desktop/会盟项目资料/React/react-test/react-blog/server/node_modules/egg-logrotator/app/schedule/clean_log.js
2021-03-30 10:22:58,825 INFO 56382 [egg-schedule]: register schedule /Users/ganghu/Desktop/会盟项目资料/React/react-test/react-blog/server/node_modules/egg-logrotator/app/schedule/rotate_by_file.js
