2021-03-22 17:00:10,320 ERROR 25943 [-/127.0.0.1/-/1ms GET /] nodejs.PROTOCOL_SEQUENCE_TIMEOUTError: Handshake inactivity timeout
    at Handshake.<anonymous> (/Users/ganghu/Desktop/会盟项目资料/React/react-test/react-blog/server/node_modules/mysql/lib/protocol/Protocol.js:160:17)
    at Handshake.emit (events.js:311:20)
    at Handshake._onTimeout (/Users/ganghu/Desktop/会盟项目资料/React/react-test/react-blog/server/node_modules/mysql/lib/protocol/sequences/Sequence.js:124:8)
    at Timer._onTimeout (/Users/ganghu/Desktop/会盟项目资料/React/react-test/react-blog/server/node_modules/mysql/lib/protocol/Timer.js:32:23)
    at listOnTimeout (internal/timers.js:549:17)
    at processTimers (internal/timers.js:492:7)
    --------------------
    at Protocol._enqueue (/Users/ganghu/Desktop/会盟项目资料/React/react-test/react-blog/server/node_modules/mysql/lib/protocol/Protocol.js:144:48)
    at Protocol.handshake (/Users/ganghu/Desktop/会盟项目资料/React/react-test/react-blog/server/node_modules/mysql/lib/protocol/Protocol.js:51:23)
    at PoolConnection.connect (/Users/ganghu/Desktop/会盟项目资料/React/react-test/react-blog/server/node_modules/mysql/lib/Connection.js:116:18)
    at Pool.getConnection (/Users/ganghu/Desktop/会盟项目资料/React/react-test/react-blog/server/node_modules/mysql/lib/Pool.js:48:16)
    at /Users/ganghu/Desktop/会盟项目资料/React/react-test/react-blog/server/node_modules/pify/index.js:29:7
    at new Promise (<anonymous>)
    at Pool.<anonymous> (/Users/ganghu/Desktop/会盟项目资料/React/react-test/react-blog/server/node_modules/pify/index.js:12:10)
    at Pool.ret [as getConnection] (/Users/ganghu/Desktop/会盟项目资料/React/react-test/react-blog/server/node_modules/pify/index.js:56:34)
    at Pool.query (/Users/ganghu/Desktop/会盟项目资料/React/react-test/react-blog/server/node_modules/mysql/lib/Pool.js:202:8)
    at /Users/ganghu/Desktop/会盟项目资料/React/react-test/react-blog/server/node_modules/pify/index.js:29:7
    sql: select now() as currentTime;
code: "PROTOCOL_SEQUENCE_TIMEOUT"
fatal: true
timeout: 10000
name: "PROTOCOL_SEQUENCE_TIMEOUTError"
pid: 25943
hostname: MyMbp.local

2021-03-22 17:00:22,849 ERROR 25960 [-/127.0.0.1/-/0ms GET /] nodejs.PROTOCOL_SEQUENCE_TIMEOUTError: Handshake inactivity timeout
    at Handshake.<anonymous> (/Users/ganghu/Desktop/会盟项目资料/React/react-test/react-blog/server/node_modules/mysql/lib/protocol/Protocol.js:160:17)
    at Handshake.emit (events.js:311:20)
    at Handshake._onTimeout (/Users/ganghu/Desktop/会盟项目资料/React/react-test/react-blog/server/node_modules/mysql/lib/protocol/sequences/Sequence.js:124:8)
    at Timer._onTimeout (/Users/ganghu/Desktop/会盟项目资料/React/react-test/react-blog/server/node_modules/mysql/lib/protocol/Timer.js:32:23)
    at listOnTimeout (internal/timers.js:549:17)
    at processTimers (internal/timers.js:492:7)
    --------------------
    at Protocol._enqueue (/Users/ganghu/Desktop/会盟项目资料/React/react-test/react-blog/server/node_modules/mysql/lib/protocol/Protocol.js:144:48)
    at Protocol.handshake (/Users/ganghu/Desktop/会盟项目资料/React/react-test/react-blog/server/node_modules/mysql/lib/protocol/Protocol.js:51:23)
    at PoolConnection.connect (/Users/ganghu/Desktop/会盟项目资料/React/react-test/react-blog/server/node_modules/mysql/lib/Connection.js:116:18)
    at Pool.getConnection (/Users/ganghu/Desktop/会盟项目资料/React/react-test/react-blog/server/node_modules/mysql/lib/Pool.js:48:16)
    at /Users/ganghu/Desktop/会盟项目资料/React/react-test/react-blog/server/node_modules/pify/index.js:29:7
    at new Promise (<anonymous>)
    at Pool.<anonymous> (/Users/ganghu/Desktop/会盟项目资料/React/react-test/react-blog/server/node_modules/pify/index.js:12:10)
    at Pool.ret [as getConnection] (/Users/ganghu/Desktop/会盟项目资料/React/react-test/react-blog/server/node_modules/pify/index.js:56:34)
    at Pool.query (/Users/ganghu/Desktop/会盟项目资料/React/react-test/react-blog/server/node_modules/mysql/lib/Pool.js:202:8)
    at /Users/ganghu/Desktop/会盟项目资料/React/react-test/react-blog/server/node_modules/pify/index.js:29:7
    sql: select now() as currentTime;
code: "PROTOCOL_SEQUENCE_TIMEOUT"
fatal: true
timeout: 10000
name: "PROTOCOL_SEQUENCE_TIMEOUTError"
pid: 25960
hostname: MyMbp.local

2021-03-22 17:00:34,438 ERROR 25987 [-/127.0.0.1/-/0ms GET /] nodejs.ECONNREFUSEDError: connect ECONNREFUSED 106.75.108.69:3306
    at TCPConnectWrap.afterConnect [as oncomplete] (net.js:1137:16)
    --------------------
    at Protocol._enqueue (/Users/ganghu/Desktop/会盟项目资料/React/react-test/react-blog/server/node_modules/mysql/lib/protocol/Protocol.js:144:48)
    at Protocol.handshake (/Users/ganghu/Desktop/会盟项目资料/React/react-test/react-blog/server/node_modules/mysql/lib/protocol/Protocol.js:51:23)
    at PoolConnection.connect (/Users/ganghu/Desktop/会盟项目资料/React/react-test/react-blog/server/node_modules/mysql/lib/Connection.js:116:18)
    at Pool.getConnection (/Users/ganghu/Desktop/会盟项目资料/React/react-test/react-blog/server/node_modules/mysql/lib/Pool.js:48:16)
    at /Users/ganghu/Desktop/会盟项目资料/React/react-test/react-blog/server/node_modules/pify/index.js:29:7
    at new Promise (<anonymous>)
    at Pool.<anonymous> (/Users/ganghu/Desktop/会盟项目资料/React/react-test/react-blog/server/node_modules/pify/index.js:12:10)
    at Pool.ret [as getConnection] (/Users/ganghu/Desktop/会盟项目资料/React/react-test/react-blog/server/node_modules/pify/index.js:56:34)
    at Pool.query (/Users/ganghu/Desktop/会盟项目资料/React/react-test/react-blog/server/node_modules/mysql/lib/Pool.js:202:8)
    at /Users/ganghu/Desktop/会盟项目资料/React/react-test/react-blog/server/node_modules/pify/index.js:29:7
    sql: select now() as currentTime;
errno: "ECONNREFUSED"
code: "ECONNREFUSED"
syscall: "connect"
address: "106.75.108.69"
port: 3306
fatal: true
name: "ECONNREFUSEDError"
pid: 25987
hostname: MyMbp.local

2021-03-22 17:02:34,779 ERROR 26084 [-/127.0.0.1/-/1ms GET /] nodejs.ECONNREFUSEDError: connect ECONNREFUSED 106.75.108.69:3306
    at TCPConnectWrap.afterConnect [as oncomplete] (net.js:1137:16)
    --------------------
    at Protocol._enqueue (/Users/ganghu/Desktop/会盟项目资料/React/react-test/react-blog/server/node_modules/mysql/lib/protocol/Protocol.js:144:48)
    at Protocol.handshake (/Users/ganghu/Desktop/会盟项目资料/React/react-test/react-blog/server/node_modules/mysql/lib/protocol/Protocol.js:51:23)
    at PoolConnection.connect (/Users/ganghu/Desktop/会盟项目资料/React/react-test/react-blog/server/node_modules/mysql/lib/Connection.js:116:18)
    at Pool.getConnection (/Users/ganghu/Desktop/会盟项目资料/React/react-test/react-blog/server/node_modules/mysql/lib/Pool.js:48:16)
    at /Users/ganghu/Desktop/会盟项目资料/React/react-test/react-blog/server/node_modules/pify/index.js:29:7
    at new Promise (<anonymous>)
    at Pool.<anonymous> (/Users/ganghu/Desktop/会盟项目资料/React/react-test/react-blog/server/node_modules/pify/index.js:12:10)
    at Pool.ret [as getConnection] (/Users/ganghu/Desktop/会盟项目资料/React/react-test/react-blog/server/node_modules/pify/index.js:56:34)
    at Pool.query (/Users/ganghu/Desktop/会盟项目资料/React/react-test/react-blog/server/node_modules/mysql/lib/Pool.js:202:8)
    at /Users/ganghu/Desktop/会盟项目资料/React/react-test/react-blog/server/node_modules/pify/index.js:29:7
    sql: select now() as currentTime;
errno: "ECONNREFUSED"
code: "ECONNREFUSED"
syscall: "connect"
address: "106.75.108.69"
port: 3306
fatal: true
name: "ECONNREFUSEDError"
pid: 26084
hostname: MyMbp.local

2021-03-24 17:03:22,899 ERROR 12439 [-/127.0.0.1/-/18ms GET /blog/getArticlList] nodejs.ER_PARSE_ERRORError: ER_PARSE_ERROR: You have an error in your SQL syntax; check the manual that corresponds to your MySQL server version for the right syntax to use near '.title as titlearticle.introduce as introducearticle.update_time as update_timea' at line 1
    at Query.Sequence._packetToError (/Users/ganghu/Desktop/会盟项目资料/React/react-test/react-blog/server/node_modules/mysql/lib/protocol/sequences/Sequence.js:47:14)
    at Query.ErrorPacket (/Users/ganghu/Desktop/会盟项目资料/React/react-test/react-blog/server/node_modules/mysql/lib/protocol/sequences/Query.js:79:18)
    at Protocol._parsePacket (/Users/ganghu/Desktop/会盟项目资料/React/react-test/react-blog/server/node_modules/mysql/lib/protocol/Protocol.js:291:23)
    at Parser._parsePacket (/Users/ganghu/Desktop/会盟项目资料/React/react-test/react-blog/server/node_modules/mysql/lib/protocol/Parser.js:433:10)
    at Parser.write (/Users/ganghu/Desktop/会盟项目资料/React/react-test/react-blog/server/node_modules/mysql/lib/protocol/Parser.js:43:10)
    at Protocol.write (/Users/ganghu/Desktop/会盟项目资料/React/react-test/react-blog/server/node_modules/mysql/lib/protocol/Protocol.js:38:16)
    at Socket.<anonymous> (/Users/ganghu/Desktop/会盟项目资料/React/react-test/react-blog/server/node_modules/mysql/lib/Connection.js:88:28)
    at Socket.<anonymous> (/Users/ganghu/Desktop/会盟项目资料/React/react-test/react-blog/server/node_modules/mysql/lib/Connection.js:526:10)
    at Socket.emit (events.js:311:20)
    at addChunk (_stream_readable.js:294:12)
    --------------------
    at Pool.query (/Users/ganghu/Desktop/会盟项目资料/React/react-test/react-blog/server/node_modules/mysql/lib/Pool.js:199:23)
    at /Users/ganghu/Desktop/会盟项目资料/React/react-test/react-blog/server/node_modules/pify/index.js:29:7
    at new Promise (<anonymous>)
    at Pool.<anonymous> (/Users/ganghu/Desktop/会盟项目资料/React/react-test/react-blog/server/node_modules/pify/index.js:12:10)
    at Pool.ret [as query] (/Users/ganghu/Desktop/会盟项目资料/React/react-test/react-blog/server/node_modules/pify/index.js:56:34)
    at RDSClient.proto._query (/Users/ganghu/Desktop/会盟项目资料/React/react-test/react-blog/server/node_modules/ali-rds/lib/client.js:38:20)
    at RDSClient.proto.query (/Users/ganghu/Desktop/会盟项目资料/React/react-test/react-blog/server/node_modules/ali-rds/lib/operator.js:54:29)
    at proto.query.next (<anonymous>)
    at onFulfilled (/Users/ganghu/Desktop/会盟项目资料/React/react-test/react-blog/server/node_modules/co/index.js:65:19)
    at /Users/ganghu/Desktop/会盟项目资料/React/react-test/react-blog/server/node_modules/co/index.js:54:5
    sql: SELECT article.id as idarticle.title as titlearticle.introduce as introducearticle.update_time as update_timearticle.view_count as view_counttype.type_name as type_nameFROM article LEFT JOIN type ON article.type_id = type.id
code: "ER_PARSE_ERROR"
errno: 1064
sqlMessage: "You have an error in your SQL syntax; check the manual that corresponds to your MySQL server version for the right syntax to use near '.title as titlearticle.introduce as introducearticle.update_time as update_timea' at line 1"
sqlState: "42000"
index: 0
sql: "SELECT article.id as idarticle.title as titlearticle.introduce as introducearticle.update_time as update_timearticle.view_count as view_counttype.type_name as type_nameFROM article LEFT JOIN type ON article.type_id = type.id"
name: "ER_PARSE_ERRORError"
pid: 12439
hostname: MyMbp.local

2021-03-24 17:04:54,494 ERROR 12638 [-/127.0.0.1/-/9ms GET /blog/getArticlList] nodejs.ER_PARSE_ERRORError: ER_PARSE_ERROR: You have an error in your SQL syntax; check the manual that corresponds to your MySQL server version for the right syntax to use near 'FROM article LEFT JOIN type ON article.type_id = type.id' at line 1
    at Query.Sequence._packetToError (/Users/ganghu/Desktop/会盟项目资料/React/react-test/react-blog/server/node_modules/mysql/lib/protocol/sequences/Sequence.js:47:14)
    at Query.ErrorPacket (/Users/ganghu/Desktop/会盟项目资料/React/react-test/react-blog/server/node_modules/mysql/lib/protocol/sequences/Query.js:79:18)
    at Protocol._parsePacket (/Users/ganghu/Desktop/会盟项目资料/React/react-test/react-blog/server/node_modules/mysql/lib/protocol/Protocol.js:291:23)
    at Parser._parsePacket (/Users/ganghu/Desktop/会盟项目资料/React/react-test/react-blog/server/node_modules/mysql/lib/protocol/Parser.js:433:10)
    at Parser.write (/Users/ganghu/Desktop/会盟项目资料/React/react-test/react-blog/server/node_modules/mysql/lib/protocol/Parser.js:43:10)
    at Protocol.write (/Users/ganghu/Desktop/会盟项目资料/React/react-test/react-blog/server/node_modules/mysql/lib/protocol/Protocol.js:38:16)
    at Socket.<anonymous> (/Users/ganghu/Desktop/会盟项目资料/React/react-test/react-blog/server/node_modules/mysql/lib/Connection.js:88:28)
    at Socket.<anonymous> (/Users/ganghu/Desktop/会盟项目资料/React/react-test/react-blog/server/node_modules/mysql/lib/Connection.js:526:10)
    at Socket.emit (events.js:311:20)
    at addChunk (_stream_readable.js:294:12)
    --------------------
    at Pool.query (/Users/ganghu/Desktop/会盟项目资料/React/react-test/react-blog/server/node_modules/mysql/lib/Pool.js:199:23)
    at /Users/ganghu/Desktop/会盟项目资料/React/react-test/react-blog/server/node_modules/pify/index.js:29:7
    at new Promise (<anonymous>)
    at Pool.<anonymous> (/Users/ganghu/Desktop/会盟项目资料/React/react-test/react-blog/server/node_modules/pify/index.js:12:10)
    at Pool.ret [as query] (/Users/ganghu/Desktop/会盟项目资料/React/react-test/react-blog/server/node_modules/pify/index.js:56:34)
    at RDSClient.proto._query (/Users/ganghu/Desktop/会盟项目资料/React/react-test/react-blog/server/node_modules/ali-rds/lib/client.js:38:20)
    at RDSClient.proto.query (/Users/ganghu/Desktop/会盟项目资料/React/react-test/react-blog/server/node_modules/ali-rds/lib/operator.js:54:29)
    at proto.query.next (<anonymous>)
    at onFulfilled (/Users/ganghu/Desktop/会盟项目资料/React/react-test/react-blog/server/node_modules/co/index.js:65:19)
    at /Users/ganghu/Desktop/会盟项目资料/React/react-test/react-blog/server/node_modules/co/index.js:54:5
    sql: SELECT article.id as id,article.title as title,article.introduce as introduce,article.update_time as update_time,article.view_count as view_count,type.type_name as type_name,FROM article LEFT JOIN type ON article.type_id = type.id
code: "ER_PARSE_ERROR"
errno: 1064
sqlMessage: "You have an error in your SQL syntax; check the manual that corresponds to your MySQL server version for the right syntax to use near 'FROM article LEFT JOIN type ON article.type_id = type.id' at line 1"
sqlState: "42000"
index: 0
sql: "SELECT article.id as id,article.title as title,article.introduce as introduce,article.update_time as update_time,article.view_count as view_count,type.type_name as type_name,FROM article LEFT JOIN type ON article.type_id = type.id"
name: "ER_PARSE_ERRORError"
pid: 12638
hostname: MyMbp.local

